===============================================================================
                                                                               
               Regression Tests and Feature Implementation Tests               
                                                                               
TEST                                                                 <no date>
-------------------------------------------------------------------------------

 * Dizzzy:

    293 0.66.5: Encoding running on wchar_t
        bug-293.sh bad .............................................[FAIL]
                   good ............................................[FAIL]
                   invokation ........................................[OK]

 * alexeevm:

    3022603 0.49.2 Using external buffer with Quex lexer
        bug-3022603.sh .............................................[FAIL]
    3025173 0.49.2 Custom Token struct for quex
        bug-3025173.sh .............................................[FAIL]
    3032877 -b, --buffer-element-size enhancement
        feature-3032877.sh codec ...................................[FAIL]
                           normal ..................................[FAIL]

 * attardi:

    2001602 RE matching UTF8 l quote uno
        bug-2001602.sh codec ..................................[NO OUTPUT]
                       iconv ..................................[NO OUTPUT]
                       icu ....................................[NO OUTPUT]
    2001787 RE Problem with inverted whitespace
        bug-2001787.sh iconv .......................................[FAIL]
                       icu .........................................[FAIL]
    2002070 Output buffer overflow
        bug-2002070.sh iconv ..................................[NO OUTPUT]
                       icu ....................................[NO OUTPUT]
    2002474 Segmentation Fault while UTF-8 Decoding
        bug-2002474.sh codec .......................................[FAIL]
                       codec_c .....................................[FAIL]
                       iconv .......................................[FAIL]
                       iconv_c .....................................[FAIL]
                       icu .........................................[FAIL]
                       icu_c .......................................[FAIL]
    2004927 UTF-8 RE Extra Comma Matched
        bug-2004927.sh codec ..................................[NO OUTPUT]
                       iconv ..................................[NO OUTPUT]
                       icu ....................................[NO OUTPUT]
    2619679 QUEX_BUFFER_ASSERT_CONTENT_CONSISTENCY redefined
        bug-2619679.sh .............................................[FAIL]
    286 Maintaining character index during manual buffer filling.
        bug-286.sh ............................................[NO OUTPUT]
    2937342 0.47.3 Regular expression parsing -- closing bracket.
        bug-2937342.sh 1 .............................................[OK]
                       2 .............................................[OK]
                       3 .............................................[OK]
                       4 .............................................[OK]
                       5 .............................................[OK]
    3025852 0.49.2 Instatiation of inheritable-only-modes
        bug-3025852.sh .............................................[FAIL]

 * clemwang:

    3474524 0.62.3 Escape characters in --language dot plot of [:space:]
        bug-3474524.sh ...............................................[OK]
    3478018 0.62.3 errmsg about missing { when missing }
        bug-3478018.sh ...............................................[OK]
    3479354 Reversed (right to left) Pattern Definition
        bug-3479354.sh .............................................[FAIL]
    3485516 0.60.1 0.60.1 Exception Handling Disorder
        bug-3485516.sh ...............................................[OK]
    3486388 0.61.2 Need better errmsg when incorrectly using 2 Lexers at once
        bug-3486388.sh .............................................[FAIL]
    3495127 Event Handler on_after_match
        feature-3495127.sh queue ...................................[FAIL]
    3503831 0.61.2 Missleading error message in anti-pattern A{foo$}
        bug-3503831.sh ...............................................[OK]
    3504730 0.61.2 Post condition with OR causes crash
        bug-3504730.sh more ........................................[FAIL]
                       simple ......................................[FAIL]

 * denkfix:

    3354250 Issue in Hopcroft-Minimization
        bug-3354250.sh ...............................................[OK]
    3357694 Matches too long when using certain post condition
        bug-3357694.sh Normal ........................................[OK]
                       PathCompression ...............................[OK]
                       PathTemplateCompression .......................[OK]
                       TemplateCompression ...........................[OK]
    3392478 UTF-8 Backward Input Position Detection Error
        bug-3392478.sh .............................................[FAIL]

 * dlazesz:

    261 Track Analysis--dangerous paths.
        bug-261.sh 1 ...............................................[FAIL]
                   2 ...............................................[FAIL]
    3510261 0.61.2 Failed ydd (0xFF) and begin of line pattern
        bug-3510261.sh .............................................[FAIL]

 * eabrams:

    patch-16 Compile error when indentation based without token queue
        patch-16.sh ................................................[FAIL]

 * enmarabrams:

    257 Hang-up on recursive --foreign-token-id-file
        bug-257.sh .................................................[FAIL]

 * fschaef:

    1948456 (feature) Inheritance Info
        feature-1948456.sh ....................................[NO OUTPUT]
    1952133 0.24.11 Crash in Buffer Handling with tiny buffer size
        bug-1952133.sh 127 ...........................................[OK]
                       128 ...........................................[OK]
                       129 ...........................................[OK]
                       2499 ..........................................[OK]
                       2500 ..........................................[OK]
                       2501 ..........................................[OK]
                       2502 ..........................................[OK]
                       29 ............................................[OK]
                       30 ............................................[OK]
    1952747 TKN_TERMINATION
        bug-1952747.sh .............................................[FAIL]
    2078087 (feature) Mode transition shortcuts GOTO, GOSUB, GOUP
        feature-2078087.sh GOSUB .....................................[OK]
                           GOSUB-2 ...................................[OK]
                           GOTO ......................................[OK]
                           GOTO-2 ....................................[OK]
    2161098 0.32.1 Nested-Range Skipper Line Number Counter
        bug-2161098-x.sh c_comments ................................[FAIL]
                         funny_comments ............................[FAIL]
                         shell_comments ............................[FAIL]
    2161098 0.32.1 Range Skipper Line Number Counter
        bug-2161098.sh c_comments .............................[NO OUTPUT]
                       funny_comments .........................[NO OUTPUT]
                       shell_comments .........................[NO OUTPUT]
    2209142 0.33.1-pre-release: RE not suited for comment elimination
        bug-2209142.sh error .......................................[FAIL]
                       good ........................................[FAIL]
    2277660 character count pre-determination
        bug-2277660.sh .............................................[FAIL]
    2349109 0.33.5 Line and Column number counts with Set skippers
        bug-2349109.sh newline-skipper .............................[FAIL]
                       newline-skipper-utf8 ........................[FAIL]
                       non-newline-skipper .........................[FAIL]
    2635012 0.36.4 Include Stack Disablement
        bug-2635012.sh .............................................[FAIL]
    297 r4678(trunk): Memory leak in Token Class
        bug-297.sh C ...............................................[FAIL]
                   Cpp .............................................[FAIL]
    3038088 token_id = numeric value
        feature-3038088.sh .........................................[FAIL]
    3039173 On Mismatch: abort()
        feature-3039173.sh .........................................[FAIL]
    3082041 0.52.4 Buffer Memory Size not Accepted
        bug-3082041.sh .............................................[FAIL]
    3102035 0.55.1 Weird Setup causes Duplicate State Label
        bug-3102035.sh 1 ...........................................[FAIL]
                       2 ...........................................[FAIL]
                       3 ...........................................[FAIL]
                       4 .............................................[OK]
                       5 .............................................[OK]
    3157923 Memory Leak by Components
        bug-3157923.sh .............................................[FAIL]
    3513568 0.62.2 Memory Leak when using ICU
        bug-3513568.sh .............................................[FAIL]

 * inhenriksen:

    3164355 C with whitespace character gives bad exception
        bug-3164355.sh ...............................................[OK]

 * jdavidberger:

    264 0.64.6 Incorrect column numbering with post conditions
        bug-264.sh .................................................[FAIL]

 * jmarsik:

    0.58.2 history effect in UCS database interface: 3235790
        bug-3235790.sh .............................................[FAIL]
    3115741 0.55.4 move_backward triggers assert
        bug-3115741.sh general .....................................[FAIL]
                       undo-line-colum-count .......................[FAIL]
    3307919 Support for more general Unicode categories
        feature-3307919.sh C .........................................[OK]
                           L .........................................[OK]
                           LC ........................................[OK]
                           M .........................................[OK]
                           N .........................................[OK]
                           Number ....................................[OK]
                           Other .....................................[OK]
                           P .........................................[OK]
                           S .........................................[OK]
                           Z .........................................[OK]

 * kromaks:

    2971198 0.48.1 Parsing long REs
        bug-2971198.sh .............................................[FAIL]

 * liancheng:

    3515838 0.62.5 Namespace specifications cause errors
        bug-3515838.sh C .............................................[OK]
                       Cpp ...........................................[OK]
    3526210 0.62.4 Accumulator misbehaviour when no text is to be flushed
        bug-3526210.sh .............................................[FAIL]

 * mabraham:

    3109479 0.55.2 Error Transition to Forward Init State
        bug-3109479.sh 1 .............................................[OK]
                       2 .............................................[OK]
                       3 .............................................[OK]
                       4 .............................................[OK]

 * marcoantonelli:

    2219383 Parse foreign token id file
        feature-2219383.sh ...........................................[OK]
    2251359 (feature) Single-character token without name
        feature-2251359.sh 1 .........................................[OK]
                           2 .........................................[OK]
                           3 .........................................[OK]
                           4 .........................................[OK]
                           5 .........................................[OK]
                           6 .........................................[OK]
                           good ....................................[FAIL]
    2257908 Quex does not terminate lexer generation
        bug-2257908.sh .............................................[FAIL]
    2262537 (feature) Allow Nothing is fine in define section
        feature-2262537.sh ...........................................[OK]

 * nazim-can-bedir:

    2896732 0.46.2 - Memory leak
        bug-2896732.sh .............................................[FAIL]

 * nobody:

    2395200 assert  in QuexLexatomLoader_load_forward (The StrangeStream Issue)
        bug-2395200.sh lexer .......................................[FAIL]
    2841726 0.44.2 Unknown exception on unicode properties
        bug-2841726.sh ...............................................[OK]
    2891125 0.45.1 bug in -- version
        bug-2891125.sh ...............................................[OK]
    2894648 0.46.2 Backslashed . is unknown to quex
        bug-2894648.sh ........................................[NO OUTPUT]

 * ollydbg:

    3142578 Output token identifier definition
        feature-3142578.sh ...........................................[OK]
    3402386 Option --language dot
        feature-3402386.sh hex .......................................[OK]
                           utf8 ......................................[OK]
    3403249 0.61.2 Non UTF8 encoding for *.qx files not detected.
        bug-3403249.sh GBK .........................................[FAIL]
                       utf16 .........................................[OK]
                       utf16-with-bom ................................[OK]
                       utf8 ..........................................[OK]
                       utf8-error ....................................[OK]
                       utf8-with-bom .................................[OK]
    3512806 0.62.2 build error
        bug-3512806.sh C ...........................................[FAIL]
                       Cpp .........................................[FAIL]

 * otsakiridis:

    3075601 0.52.1 Pre-Context with Codec utf8
        bug-3075601.sh utf16 .........................................[OK]
                       utf8 ..........................................[OK]

 * patrikj-kt:

    298 Quex exception in loop generation.
        bug-298.sh .................................................[FAIL]
    299 LoopRestartP -- generated code does not compile
        bug-299.sh .................................................[FAIL]
    300 Missing error message on non-existing mode.
        bug-300.sh ...................................................[OK]

 * petulda:

    3178600 0.58.1 Last appeared char not stored when switching modes
        bug-3178600.sh .............................................[FAIL]

 * prade2p:

    2914877 0.47.3 RE Exception on [10000-10FFFF]
        bug-2914877.sh .............................................[FAIL]

 * rami-al-rafou:

    3476232 0.62.1 Slow C code generation (unicode)
        bug-3476232.sh .............................................[FAIL]

 * raphamiard:

    185 0.66.5 Stable output for distinct token fields
        feature-185.sh .............................................[FAIL]

 * rayhayes:

    284 Assert on '--version' (also check for '--help')
        bug-284.sh ...................................................[OK]

 * remcobloemen1:

    3295781 Duplicate label with Template and Path Compression
        bug-3295781.sh .............................................[FAIL]

 * rmanoj-oss:

    3079986 Allow namespace delimiter in --token-id-prefix for C++
        feature-3079986.sh ccc .......................................[OK]
                           ncc .......................................[OK]
                           nnc .......................................[OK]
                           nnn .......................................[OK]

 * rofr3:

    3009642 0.48.3 Begin of Line Precondition flag
        bug-3009642.sh .............................................[FAIL]

 * sbellon:

    265 Modification time change on input file.
        bug-265.sh .................................................[FAIL]
    3524729 0.62.4 token_type distinct members cause overloading error
        bug-3524729.sh .............................................[FAIL]
    3538026 Handling of spurious transition in PathWalkerState
        bug-3538026.sh .............................................[FAIL]

 * sphericalcow:

    1885304 Problems with files with DOS CR/LF line endings
        bug-1885304.sh .............................................[FAIL]
    1885846 Empty RE in define section
        bug-1885846.sh ...............................................[OK]
    1885855 P{ ...} syntax does not work outside of [:...:]
        bug-1885855.sh ...............................................[OK]
    1887163 Single state mode causes quex to crash
        bug-1887163.sh ...............................................[OK]
    1889086 Single state mode causes quex to crash
        bug-1889086.sh ...............................................[OK]
    1889089 Single state mode causes quex to crash
        bug-1889089.sh ...............................................[OK]
    1889321 Quex does not handle actions including quote literal
        bug-1889321.sh ...............................................[OK]
    1889692 0.19.4 does not gracefully handle unbalanced quotations
        bug-1889692.sh ...............................................[OK]
    1889702 0.19.4 forbids derived modes that only add event handlers
        bug-1889702.sh ...............................................[OK]
    1889871 0.19.4 crashes if [] expression contains unescaped -
        bug-1889871.sh ...............................................[OK]
    1889877 '*' or '+' without prececing expression crashes 0.19.4
        bug-1889877.sh ...............................................[OK]
    1889892 x, X or followed by a non-hex digit crashes 0.19.4
        bug-1889892.sh ...............................................[OK]
    1890828 0.19.9 crashes trying to call error handler in several cases
        bug-1890828.sh ...............................................[OK]
    1890876 {} handled oddly in define blocks in 0.19.9
        bug-1890876.sh ...............................................[OK]
    1891254 Lone ? as regex does not give an error in 0.19.9
        bug-1891254.sh ...............................................[OK]
    1892227 accepted as identifiers in def
        bug-1892227.sh ...............................................[OK]
    1892809 0.20.4 \x, \X, \U accept too many digits
        bug-1892809.sh .............................................[FAIL]
    1893849 0.20.5 allows engine names that are not valid identifiers
        bug-1893849.sh ...............................................[OK]
    1893874 Missing colon in mode definition crashes 0.20.5
        bug-1893874.sh ...............................................[OK]
    1893880 0.20.5 allows inheritable: only start mode
        bug-1893880.sh ...............................................[OK]
    1894130 0.20.6 can list wrong mode as circuluar inheritance
        bug-1894130.sh ...............................................[OK]
    1894185 Unbalanced quote and double quote in header/init/body blocks in 0.20.6
        bug-1894185.sh ...............................................[OK]
    1894578 header block not added to -core-engine.cpp file in 0.20.6
        bug-1894578.sh .............................................[FAIL]
    1895066 0.20.8 #line directive after header contents missing
        bug-1895066.sh .............................................[FAIL]
    1895500 assertion error running generated 0.20.8 lexer with Unicode
        bug-1895500.sh iconv ..................................[NO OUTPUT]
                       icu ....................................[NO OUTPUT]
    1898125 invalid argument for --token-id-offset can crash 0.21.4
        bug-1898125.sh ...............................................[OK]
    1900391 malformed --set-by-expression can crash 0.21.8
        bug-1900391.sh ...............................................[OK]
    1902175 invalid escape in character set expression crashes 0.21.12
        bug-1902175.sh ...............................................[OK]
    1905768 0.22.9 doesn't create analyzer function for event only modes
        bug-1905768.sh ........................................[NO OUTPUT]
    1908092 0.23.5 uses --token-class without --token-class-file
        bug-1908092.sh ...............................................[OK]
    1908436 0.23.6 rule precedence reversed for identical patterns
        bug-1908436.sh ...............................................[OK]
    1935701 0.24.7 buffer handling size mismatch
        bug-1935701.sh FILE ........................................[FAIL]
                       fstream .....................................[FAIL]
    1936707 0.24.10 --plot flag doesnt seem to work
        bug-1936707.sh ...............................................[OK]
    1969629 0.25.4 token list with just TERMINATION treated empty
        bug-1969629.sh ...............................................[OK]
    2087087 0.31.1 --set-by switches suppress command error diagnostics
        bug-2087087.sh ...............................................[OK]
    2095970 0.31.3 Mode change without immediate return
        bug-2095970.sh CONTINUE ......................................[OK]
                       CONTINUE_w_Asserts ............................[OK]
                       DEFAULT .......................................[OK]
                       DEFAULT_w_Asserts .............................[OK]
                       RETURN ........................................[OK]
                       RETURN_w_Asserts ..............................[OK]
    2796383 0.39.3 does not handle token_type without distinct section
        bug-2796383.sh case-1 ........................................[OK]
                       case-2 ........................................[OK]
                       case-3 ........................................[OK]
                       case-4 ........................................[OK]
                       case-5 ........................................[OK]
    2798423 0.39.4 token_type default __copy function does not compile
        bug-2798423.sh .............................................[FAIL]
    2799244 0.39.5 attempts to call unimplemented token set() function
        bug-2799244.sh error .........................................[OK]
                       good-1 ........................................[OK]
                       good-2 ......................................[FAIL]

 * the-user-k:

    3021502 0.49.2 Buffer-size gets ignored
        bug-3021502.sh .............................................[FAIL]

 * timdawborn:

    3106424 0.55.2 --set-by-expression with inverse fails
        bug-3106424.sh ...............................................[OK]

 * wryun:

    2819022 0.41.2 Pre-condition match causes issues
        bug-2819022.sh 0 .............................................[OK]
                       1 .............................................[OK]
                       2 .............................................[OK]
                       3 .............................................[OK]
    2819023 0.41.2 Valid pattern definition fails
        bug-2819023.sh ...............................................[OK]
    2819043 0.41.2 Infinite recursion error
        bug-2819043.sh ...............................................[OK]
    2819045 0.41.2 Some internal assertion fails on...
        bug-2819045.sh 0 .............................................[OK]
                       1 .............................................[OK]
                       2 .............................................[OK]
                       3 .............................................[OK]

 * yaroslav_xp:

    2146712 (feature) output directory parameter for the command line
        feature-2146712.sh NoWrite .................................[FAIL]
                           Normal ..................................[FAIL]
                           NotExist ................................[FAIL]
    2163753 0.32.1 Incorrect on_failure behavior
        bug-2163753.sh .............................................[FAIL]

 * yaroslavkrv:

    3097431 0.54.1 Line-Column numbers
        bug-3097431.sh .............................................[FAIL]

 * ymarkovitch:

    3030640 0.50.1 Adding .hpp extension to generated headers
        feature-3030640.sh ++ ........................................[OK]
                           ErrorC ....................................[OK]
                           ErrorCpp ..................................[OK]
                           PlainC ....................................[OK]
                           PlainCpp ..................................[OK]
                           cc ........................................[OK]
                           pp ........................................[OK]
                           xx ........................................[OK]
    3077292 0.52.3 Compilation Error With DEBUG_MODE_TRANSITIONS
        bug-3077292.sh .............................................[FAIL]

 * yoavg:

    2974074 0.48.1 union modifies its arguments
        bug-2974074.sh ...............................................[OK]
                                                           ___   _    _   _    
                                                          |  _| / \  | | | |   
                                                          | |_|/ - \ | | | |_  
                                                          |_|  |_|_| |_| |___| 
-------------------------------------------------------------------------------
    [FAIL] bug-293.sh _ bad
                    \__ good
    [FAIL] bug-3022603.sh
    [FAIL] bug-3025173.sh
    [FAIL] feature-3032877.sh _ codec
                            \__ normal
    [FAIL] bug-2001602.sh _ codec
                        \__ iconv
                        \__ icu
    [FAIL] bug-2001787.sh _ iconv
                        \__ icu
    [FAIL] bug-2002070.sh _ iconv
                        \__ icu
    [FAIL] bug-2002474.sh _ codec
                        \__ codec_c
                        \__ iconv
                        \__ iconv_c
                        \__ icu
                        \__ icu_c
    [FAIL] bug-2004927.sh _ codec
                        \__ iconv
                        \__ icu
    [FAIL] bug-2619679.sh
    [FAIL] bug-286.sh
    [FAIL] bug-3025852.sh
    [FAIL] bug-3479354.sh
    [FAIL] bug-3486388.sh
    [FAIL] feature-3495127.sh _ queue
    [FAIL] bug-3504730.sh _ more
                        \__ simple
    [FAIL] bug-3392478.sh
    [FAIL] bug-261.sh _ 1
                    \__ 2
    [FAIL] bug-3510261.sh
    [FAIL] patch-16.sh
    [FAIL] bug-257.sh
    [FAIL] feature-1948456.sh
    [FAIL] bug-1952747.sh
    [FAIL] bug-2161098-x.sh _ c_comments
                          \__ funny_comments
                          \__ shell_comments
    [FAIL] bug-2161098.sh _ c_comments
                        \__ funny_comments
                        \__ shell_comments
    [FAIL] bug-2209142.sh _ error
                        \__ good
    [FAIL] bug-2277660.sh
    [FAIL] bug-2349109.sh _ newline-skipper
                        \__ newline-skipper-utf8
                        \__ non-newline-skipper
    [FAIL] bug-2635012.sh
    [FAIL] bug-297.sh _ C
                    \__ Cpp
    [FAIL] feature-3038088.sh
    [FAIL] feature-3039173.sh
    [FAIL] bug-3082041.sh
    [FAIL] bug-3102035.sh _ 1
                        \__ 2
                        \__ 3
    [FAIL] bug-3157923.sh
    [FAIL] bug-3513568.sh
    [FAIL] bug-264.sh
    [FAIL] bug-3235790.sh
    [FAIL] bug-3115741.sh _ general
                        \__ undo-line-colum-count
    [FAIL] bug-2971198.sh
    [FAIL] bug-3526210.sh
    [FAIL] feature-2251359.sh _ good
    [FAIL] bug-2257908.sh
    [FAIL] bug-2896732.sh
    [FAIL] bug-2395200.sh _ lexer
    [FAIL] bug-2894648.sh
    [FAIL] bug-3403249.sh _ GBK
    [FAIL] bug-3512806.sh _ C
                        \__ Cpp
    [FAIL] bug-298.sh
    [FAIL] bug-299.sh
    [FAIL] bug-3178600.sh
    [FAIL] bug-2914877.sh
    [FAIL] bug-3476232.sh
    [FAIL] feature-185.sh
    [FAIL] bug-3295781.sh
    [FAIL] bug-3009642.sh
    [FAIL] bug-265.sh
    [FAIL] bug-3524729.sh
    [FAIL] bug-3538026.sh
    [FAIL] bug-1885304.sh
    [FAIL] bug-1892809.sh
    [FAIL] bug-1894578.sh
    [FAIL] bug-1895066.sh
    [FAIL] bug-1895500.sh _ iconv
                        \__ icu
    [FAIL] bug-1905768.sh
    [FAIL] bug-1935701.sh _ FILE
                        \__ fstream
    [FAIL] bug-2798423.sh
    [FAIL] bug-2799244.sh _ good-2
    [FAIL] bug-3021502.sh
    [FAIL] feature-2146712.sh _ NoWrite
                            \__ Normal
                            \__ NotExist
    [FAIL] bug-2163753.sh
    [FAIL] bug-3097431.sh
    [FAIL] bug-3077292.sh
===============================================================================
                                                                               
                   Testing the Consistency of the Demo-Tests                   
                                                                               
demo/TEST                                                            <no date>
-------------------------------------------------------------------------------
 * List all GOOD files which are identical
        good-files-identity.sh .....................................[FAIL]

 * Demo Consistency:

    C and C++ Makefiles
        makefile-diff.sh ...........................................[FAIL]
                                                           ___   _    _   _    
                                                          |  _| / \  | | | |   
                                                          | |_|/ - \ | | | |_  
                                                          |_|  |_|_| |_| |___| 
-------------------------------------------------------------------------------
    [FAIL] good-files-identity.sh
    [FAIL] makefile-diff.sh
===============================================================================
                                                                               
                                  Demos for C                                  
                                                                               
demo/C/TEST                                                          <no date>
-------------------------------------------------------------------------------
 * 00-Minimalist
        00-Minimalist.sh .............................................[OK]
 * No references to Cpp demos
        no-references-to-cpp.sh ....................................[FAIL]

 * 01-Trivial:

    Single Mode Example
        01-Trivial.sh asserts ........................................[OK]
                      no-asserts .....................................[OK]

 * 02-ModesAndStuff:

    Multiple Modes, Mode Transitions
        02-ModesAndStuff.sh asserts ..................................[OK]
                            no-asserts ...............................[OK]

 * 03-Indentation:

    Off-side rule
        03-Indentation.sh asserts ....................................[OK]
                          no-asserts .................................[OK]
    Off-side rule (second case)
        03-Indentation-2.sh asserts ..................................[OK]
                            no-asserts ...............................[OK]

 * 04-ConvertersAndBOM:

    Analysis with GNU IConv Converter (asserts active)
        04-ConvertersAndBOM.sh BPC=2 .................................[OK]
                               BPC=4 .................................[OK]
                               BPC=wchar_t ...........................[OK]
    Analysis with GNU IConv Converter (no asserts)
        04-ConvertersAndBOM-no-asserts.sh BPC=2 ......................[OK]
                                          BPC=4 ......................[OK]
                                          BPC=wchar_t ................[OK]
    Analysis with IBM's ICU Converter (asserts)
        04-ConvertersAndBOM-icu.sh BPC=2 .............................[OK]
                                   BPC=4 .............................[OK]
                                   BPC=wchar_t .......................[OK]

 * 04-ConvertersAndBOM-bom:

    Lexer with converter that detects BOM
        04-ConvertersAndBOM-bom.sh EBCDIC ............................[OK]
                                   UTF16BE ...........................[OK]
                                   UTF7 ..............................[OK]
                                   UTF8 ..............................[OK]
                                   Without ...........................[OK]

 * 05-LexerForC:

    A C-Lexical Analyser
        05-LexerForC.sh DEBUG ........................................[OK]
                        NDEBUG .......................................[OK]

 * 06-Include:

    From within reception lexer (very simple)
        06-Include-2.sh deep .........................................[OK]
                        shallow ......................................[OK]
    From within reception loop (complicated)
        06-Include.sh deep ...........................................[OK]
                      shallow ........................................[OK]

 * 08-DeletionAndPriorityMark:

    Priorization
        08-DeletionAndPriorityMark.sh ................................[OK]

 * 09-WithBisonParser:

    Linking Lexical Analysis to Bison Parser
        09-WithBisonParser.sh asserts ................................[OK]
                              no-asserts .............................[OK]

 * 10-SocketsAndTerminal:

    Lexers on pipes, sockets, and the command line.
        10-SocketsAndTerminal.sh command-line ........................[OK]
                                 command-line-utf8 ...................[OK]
                                 socket ..............................[OK]
                                 socket-utf8 .........................[OK]
                                 stdin ...............................[OK]
                                 stdin-utf8 ..........................[OK]

 * 11-ManualBufferFilling:

    Manual Buffer Filling (w/o Converter)
        11-ManualBufferFilling.sh feeder-converter ...................[OK]
                                  feeder-plain .......................[OK]
                                  gavager-converter ..................[OK]
                                  gavager-plain ......................[OK]
                                  point-plain ........................[OK]

 * 12-EngineEncoding:

    Engine Encoding (Example ISO8859-7)
        12-EngineEncoding.sh iso8859-7 ...............................[OK]
                             utf16-be ................................[OK]
                             utf16-le ................................[OK]
                             utf8 ....................................[OK]

 * 13-MultipleLexers:

    Single Application/Multiple Lexical Analyzers
        13-MultipleLexers.sh asserts .................................[OK]
                             no-asserts ..............................[OK]

 * 14-MultipleLexersSameToken:

    Multiple Lexical Analyzers -- shared token
        14-MultipleLexersSameToken.sh asserts ........................[OK]
                                      no-asserts .....................[OK]

 * demo/006:

    Pseudo Ambiguous Post Conditions
        07-TrailingPostContext.sh asserts ............................[OK]
                                  no-asserts .........................[OK]

 * demo/011b:

    Engine Encoding UTF16
        12-EngineEncoding-2nd.sh BE ..................................[OK]
                                 LE ..................................[OK]
                                                           ___   _    _   _    
                                                          |  _| / \  | | | |   
                                                          | |_|/ - \ | | | |_  
                                                          |_|  |_|_| |_| |___| 
-------------------------------------------------------------------------------
    [FAIL] no-references-to-cpp.sh
===============================================================================
                                                                               
                                 Demos for Cpp                                 
                                                                               
demo/Cpp/TEST                                                        <no date>
-------------------------------------------------------------------------------
 * 00-Minimalist
        00-Minimalist.sh .............................................[OK]
 * No references to C demos
        no-references-to-c.sh ......................................[FAIL]

 * 01-Trivial:

    Single Mode Example
        01-Trivial.sh asserts ........................................[OK]
                      no-asserts .....................................[OK]

 * 02-ModesAndStuff:

    Multiple Modes, Mode Transitions
        02-ModesAndStuff.sh asserts ..................................[OK]
                            no-asserts ...............................[OK]

 * 03-Indentation:

    Off-side rule
        03-Indentation.sh asserts ....................................[OK]
                          no-asserts .................................[OK]
    Off-side rule (second case)
        03-Indentation-2.sh asserts ..................................[OK]
                            no-asserts ...............................[OK]

 * 04-ConvertersAndBOM:

    Analysis with GNU IConv Converter (asserts active)
        04-ConvertersAndBOM.sh BPC=2 .................................[OK]
                               BPC=4 .................................[OK]
                               BPC=wchar_t ...........................[OK]
    Analysis with GNU IConv Converter (no asserts)
        04-ConvertersAndBOM-no-asserts.sh BPC=2 ......................[OK]
                                          BPC=4 ......................[OK]
                                          BPC=wchar_t ................[OK]
    Analysis with IBM's ICU Converter (asserts)
        04-ConvertersAndBOM-icu.sh BPC=2 .............................[OK]
                                   BPC=4 .............................[OK]
                                   BPC=wchar_t .......................[OK]

 * 04-ConvertersAndBOM-bom:

    Lexer with converter that detects BOM
        04-ConvertersAndBOM-bom.sh EBCDIC ............................[OK]
                                   UTF16BE ...........................[OK]
                                   UTF7 ..............................[OK]
                                   UTF8 ..............................[OK]
                                   Without ...........................[OK]

 * 05-LexerForC:

    A C-Lexical Analyser
        05-LexerForC.sh DEBUG ........................................[OK]
                        NDEBUG .......................................[OK]

 * 06-Include:

    From within reception lexer (very simple)
        06-Include-2.sh deep .........................................[OK]
                        shallow ......................................[OK]
    From within reception loop (complicated)
        06-Include.sh deep ...........................................[OK]
                      shallow ........................................[OK]

 * 08-DeletionAndPriorityMark:

    Priorization
        08-DeletionAndPriorityMark.sh ................................[OK]

 * 09-WithBisonParser:

    Linking Lexical Analysis to Bison Parser
        09-WithBisonParser.sh asserts ................................[OK]
                              no-asserts .............................[OK]

 * 10-SocketsAndTerminal:

    Lexers on pipes, sockets, and the command line.
        10-SocketsAndTerminal.sh command-line ........................[OK]
                                 command-line-utf8 ...................[OK]
                                 socket ..............................[OK]
                                 socket-utf8 .........................[OK]
                                 stdin ...............................[OK]
                                 stdin-utf8 ..........................[OK]

 * 11-ManualBufferFilling:

    Manual Buffer Filling (w/o Converter)
        11-ManualBufferFilling.sh feeder-converter ...................[OK]
                                  feeder-plain .......................[OK]
                                  gavager-converter ..................[OK]
                                  gavager-plain ......................[OK]
                                  point-plain ........................[OK]

 * 12-EngineEncoding:

    Engine Encoding (Example ISO8859-7)
        12-EngineEncoding.sh iso8859-7 ...............................[OK]
                             utf16-be ................................[OK]
                             utf16-le ................................[OK]
                             utf8 ....................................[OK]

 * 13-MultipleLexers:

    Single Application/Multiple Lexical Analyzers
        13-MultipleLexers.sh asserts .................................[OK]
                             no-asserts ..............................[OK]

 * 14-MultipleLexersSameToken:

    Multiple Lexical Analyzers -- shared token
        14-MultipleLexersSameToken.sh asserts ........................[OK]
                                      no-asserts .....................[OK]

 * demo/006:

    Pseudo Ambiguous Post Conditions
        07-TrailingPostContext.sh asserts ............................[OK]
                                  no-asserts .........................[OK]

 * demo/011b:

    Engine Encoding UTF16
        12-EngineEncoding-2nd.sh BE ..................................[OK]
                                 LE ..................................[OK]
                                                           ___   _    _   _    
                                                          |  _| / \  | | | |   
                                                          | |_|/ - \ | | | |_  
                                                          |_|  |_|_| |_| |___| 
-------------------------------------------------------------------------------
    [FAIL] no-references-to-c.sh
===============================================================================
                                                                               
                                  Core Engine                                  
                                                                               
quex/engine/TEST                                                     <no date>
-------------------------------------------------------------------------------

 * NumberSet:

    Add Interval
        test-NumberSet-add_interval.py ...............................[OK]
    Algebraic Relations
        test-algebraic-relations.py binary ...........................[OK]
                                    unary ............................[OK]
    Cut
        test-NumberSet-cut.py 1 ......................................[OK]
                              1b .....................................[OK]
                              2 ......................................[OK]
                              2b .....................................[OK]
                              3 ......................................[OK]
                              3b .....................................[OK]
                              empty ..................................[OK]
    Cut Interval
        test-NumberSet-cut_interval.py ...............................[OK]
    Difference
        test-NumberSet-difference.py .................................[OK]
    Intersection
        test-NumberSet-intersection.py ...............................[OK]
    Interval comparison
        test-Interval-cmp.py normal ..................................[OK]
                             special .................................[OK]
    Inverse
        test-NumberSet-inverse.py 1 ..................................[OK]
                                  2 ..................................[OK]
                                  serious ............................[OK]
    Massive Mutual Consistency Check
        test-NumberSet-mmcc.py difference ............................[OK]
                               intersection ..........................[OK]
                               is_superset ...........................[OK]
                               symmetric_difference ..................[OK]
                               union .................................[OK]
    Super Set
        test-NumberSet-is_superset.py Examples .......................[OK]
                                      Normal .........................[OK]
    Transform
        test-NumberSet-transform.py 1 ................................[OK]
                                    2 ................................[OK]
                                    3 ................................[OK]
    Transform Codec cp037
        test-NumberSet-transform-cp037.py 1 ..........................[OK]
                                          all ........................[OK]
                                          some .......................[OK]
    Transform Large NumberSets / Transformations
        test-NumberSet-transform-x.py 10 .............................[OK]
                                      100 ............................[OK]
                                      1000 ...........................[OK]
                                      2000 ...........................[OK]
                                      250 ............................[OK]
                                      3000 ...........................[OK]
                                      500 ............................[OK]
    Union
        test-NumberSet-union.py ......................................[OK]

 * UTF16:

    Conversion from and to byte sequences
        test-utf16-byte-sequences.py .................................[OK]

 * UTF8:

    Conversion from and to byte sequences
        test-utf8-byte-sequences.py ..................................[OK]
    Map UTF8 String To Unicode Values
        test-utf8-UCS-to-UTF8.py .....................................[OK]
                                                                    ___  _  _  
                                                                   / _ \| |/ ) 
                                                                  ( (_) | _ <  
                                                                   \___/|_|\_) 
===============================================================================
                                                                               
                                     Input                                     
                                                                               
quex/input/TEST                                                      <no date>
-------------------------------------------------------------------------------
 * Case Folding based on Unicode Database
        case_fold.py m_multi .........................................[OK]
                     m_multi_turkish .................................[OK]
                     s_simple ........................................[OK]
                     s_simple_turkish ................................[OK]
                     sm ..............................................[OK]
                     smt .............................................[OK]
 * Parse Counter Setup
        counter_setup.py basic .......................................[OK]
                         intersection ................................[OK]
                         intersection-2 ..............................[OK]
                         non-numeric .................................[OK]
                         twice .......................................[OK]
 * Parse Indentation Setup
        indentation_setup.py basic ...................................[OK]
                             intersection ............................[OK]
                             intersection-2 ..........................[OK]
                             non-numeric .............................[OK]
                             twice ...................................[OK]

 * Quex Queries:

    Character Sets for Property Settings
        test-query-character-set.py ..................................[OK]
    Character Sets for Property Settings II
        test-query-character-set-by-expression.py ....................[OK]
    Information about Properties
        test-query.py CodecInfo ......................................[OK]
                      CodecList ......................................[OK]
                      PropertyInfo ...................................[OK]
                      PropertyList ...................................[OK]
    Wildcard Property Values
        test-query-property-wildcard-values.py .......................[OK]

 * token_type:

    Buildt-In Members
        token_type-1.py All ..........................................[OK]
                        Error ........................................[OK]
                        Error-2 ......................................[OK]
                        Forbidden ....................................[OK]
                        Forbidden-2 ..................................[OK]
                        None .........................................[OK]
                        One ..........................................[OK]
                        Twice ........................................[OK]
    Class Name and Namespace
        token_type-5.py 0 ............................................[OK]
                        1 ............................................[OK]
                        2 ............................................[OK]
                        3 ............................................[OK]
                        4 ............................................[OK]
                        5 ............................................[OK]
                        6 ............................................[OK]
    Constructor, Copy, Destructor
        token_type-4.py Constructor ..................................[OK]
                        Constructor-1 ................................[OK]
                        Constructor-2 ................................[OK]
                        Copy .........................................[OK]
                        Destructor ...................................[OK]
    Distinct Members
        token_type-2.py Error ........................................[OK]
                        Forbidden ....................................[OK]
                        None .........................................[OK]
                        One ..........................................[OK]
                        Some .........................................[OK]
                        Twice ........................................[OK]
    Union Members
        token_type-3.py Error ........................................[OK]
                        Forbidden ....................................[OK]
                        None .........................................[OK]
                        One ..........................................[OK]
                        One-2 ........................................[OK]
                        Some .........................................[OK]
                        Some-2 .......................................[OK]
                        Twice ........................................[OK]
                        Twice-2 ......................................[OK]
                                                                    ___  _  _  
                                                                   / _ \| |/ ) 
                                                                  ( (_) | _ <  
                                                                   \___/|_|\_) 
===============================================================================
                                                                               
                  Acceptance Conditions: Begin/End of Stream                   
                                                                               
quex/TESTS/bof-eos-context/TEST                                      <no date>
-------------------------------------------------------------------------------
 * explicit
        explicit.exe bos-and-eos.txt ........................[MAKE FAILED]
                     bos-eos.txt ............................[MAKE FAILED]
                     bos-x-x-eos.txt ........................[MAKE FAILED]
                     not-bos-eos.txt ........................[MAKE FAILED]
 * implicit
        implicit.exe bos-and-eos.txt ........................[MAKE FAILED]
                     bos-eos.txt ............................[MAKE FAILED]
                     bos-x-x-eos.txt ........................[MAKE FAILED]
                     not-bos-eos.txt ........................[MAKE FAILED]
                                                           ___   _    _   _    
                                                          |  _| / \  | | | |   
                                                          | |_|/ - \ | | | |_  
                                                          |_|  |_|_| |_| |___| 
-------------------------------------------------------------------------------
    [FAIL] explicit.exe _ bos-and-eos.txt
                      \__ bos-eos.txt
                      \__ bos-x-x-eos.txt
                      \__ not-bos-eos.txt
    [FAIL] implicit.exe _ bos-and-eos.txt
                      \__ bos-eos.txt
                      \__ bos-x-x-eos.txt
                      \__ not-bos-eos.txt
===============================================================================
                                                                               
                        Test Collection on Source Code                         
                                                                               
quex/TESTS/code/TEST                                                 <no date>
-------------------------------------------------------------------------------
 * Check if the default configuration has been updated.
        check-default-configuration.sh ........................[NO OUTPUT]
 * Check that 'Lexeme' macro is not used.
        no-use-of-lexeme-macro.sh ....................................[OK]
 * Check that there are no trailing unused Enum Values
        no-unused-enum-values.py .....................................[OK]
 * Checking SVN status
        svn-status.sh ..............................................[FAIL]
 * Checking for defined but unused functions.
        function-check.sh example ....................................[OK]
                          real .....................................[FAIL]
 * Code Check with pyflakes
        pyflakes-check.sh ..........................................[FAIL]
 * Command Line Option Documentation
        command_line_options-verify-doc.py man .....................[FAIL]
                                           sphinx ..................[FAIL]
 * Double Check that Exception Handlers are in place
        test-exceptions-in-place.sh ..................................[OK]
 * Include Guards for C/C++
        include_guard.py convention ................................[FAIL]
                         undefinition ..............................[FAIL]
 * Main data member consistency for C and C++
        class-data-member-consistency.sh ...........................[FAIL]
 * Propper undefinition of configuration parameters.
        macro-check.py .............................................[FAIL]

 * User defined token id file:

    __parse_token_id_file
        test-token_id_file-find_ids.py ...............................[OK]
                                                           ___   _    _   _    
                                                          |  _| / \  | | | |   
                                                          | |_|/ - \ | | | |_  
                                                          |_|  |_|_| |_| |___| 
-------------------------------------------------------------------------------
    [FAIL] check-default-configuration.sh
    [FAIL] svn-status.sh
    [FAIL] function-check.sh _ real
    [FAIL] pyflakes-check.sh
    [FAIL] command_line_options-verify-doc.py _ man
                                            \__ sphinx
    [FAIL] include_guard.py _ convention
                          \__ undefinition
    [FAIL] class-data-member-consistency.sh
    [FAIL] macro-check.py
===============================================================================
                                                                               
                              Command Line Checks                              
                                                                               
quex/TESTS/command-line/TEST                                         <no date>
-------------------------------------------------------------------------------
 * Detect lower prio-patterns outrun higher-prio patterns
        outrun.sh ....................................................[OK]
 * Disable several error messages.
        no-error-flags.sh ............................................[OK]
                                                                    ___  _  _  
                                                                   / _ \| |/ ) 
                                                                  ( (_) | _ <  
                                                                   \___/|_|\_) 
===============================================================================
                                                                               
                         Check Lexical Similarity FSM                          
                                                                               
quex/TESTS/did-you-mean/TEST                                         <no date>
-------------------------------------------------------------------------------
 * Explicit Token Type Member Assignment
        token_type-member-name.sh ....................................[OK]
 * UCS Character Code Names
        ucs-character-name.sh 1 ......................................[OK]
                                                                    ___  _  _  
                                                                   / _ \| |/ ) 
                                                                  ( (_) | _ <  
                                                                   \___/|_|\_) 
===============================================================================
                                                                               
                                   Drop Out                                    
                                                                               
quex/TESTS/drop-outs/TEST                                            <no date>
-------------------------------------------------------------------------------
 * Testing states with no hole in transition map
        lexer BEGIN-1 .......................................[MAKE FAILED]
              BEGIN-many ....................................[MAKE FAILED]
              END-1 .........................................[MAKE FAILED]
              END-many ......................................[MAKE FAILED]
              MIDDLE-1 ......................................[MAKE FAILED]
              MIDDLE-many ...................................[MAKE FAILED]
                                                           ___   _    _   _    
                                                          |  _| / \  | | | |   
                                                          | |_|/ - \ | | | |_  
                                                          |_|  |_|_| |_| |___| 
-------------------------------------------------------------------------------
    [FAIL] lexer _ BEGIN-1
               \__ BEGIN-many
               \__ END-1
               \__ END-many
               \__ MIDDLE-1
               \__ MIDDLE-many
===============================================================================
                                                                               
                Mode Transition Permissions 'entry' and 'exit'                 
                                                                               
quex/TESTS/entry-exit/TEST                                           <no date>
-------------------------------------------------------------------------------
 * With Errors
        bad.sh .....................................................[FAIL]
 * Without Errors
        good.sh ......................................................[OK]
                                                           ___   _    _   _    
                                                          |  _| / \  | | | |   
                                                          | |_|/ - \ | | | |_  
                                                          |_|  |_|_| |_| |___| 
-------------------------------------------------------------------------------
    [FAIL] bad.sh
===============================================================================
                                                                               
                              Errors and Warnings                              
                                                                               
quex/TESTS/errors-warnings/TEST                                      <no date>
-------------------------------------------------------------------------------
 * Token identifier definition and orthography.
        token_identifier.sh ..........................................[OK]
                                                                    ___  _  _  
                                                                   / _ \| |/ ) 
                                                                  ( (_) | _ <  
                                                                   \___/|_|\_) 
Error: Directory: /home/fschaef/prj/quex/trunk/quex/TESTS/event-handling/TEST
Error:
Error:     Makefile: no response on 'make hwut-info'.
Error:
===============================================================================
                                                                               
                                Event Handling                                 
                                                                               
quex/TESTS/event-handling/TEST                                       <no date>
-------------------------------------------------------------------------------
 * Check whether all event handlers from 'blackboard.py' are tested.
        all_event_handlers_checked.sh ................................[OK]
 * Customized 'on_buffer_before_change' event.
        on_buffer_before_change.qx empty ...........................[FAIL]
                                   twice ...........................[FAIL]

 * Errors:

    'on_buffer_overflow'
        on_buffer_overflow.qx empty ................................[FAIL]
                              trigger ..............................[FAIL]
    Customized 'on_skip_range_open' event
        on_skip_range_open-customized.qx customized ................[FAIL]
    Default 'on_skip_range_open' event
        on_skip_range_open.qx default ..............................[FAIL]
    on_bad_lexatom
        on_bad_lexatom.qx bad-utf16 ................................[FAIL]
                          good-utf16 ...............................[FAIL]

 * Indentation:

    With N x DEDENT
        on_indentation-2.qx n-dedent ...............................[FAIL]
    Without N x DEDENT
        on_indentation-1.qx ind-bad ................................[FAIL]
                            ind-bad-dedent .........................[FAIL]
                            ind-good ...............................[FAIL]

 * Matching:

    on_failure, on_match, on_after_match
        on_match.qx failure ........................................[FAIL]
                    match ..........................................[FAIL]

 * Mode Transitions:

    more on on_entry, on_exit
        transition-x.qx 1 ..........................................[FAIL]
                        2 ..........................................[FAIL]
                        3 ..........................................[FAIL]
                        error ......................................[FAIL]
    on_entry, on_exit
        transition.qx 1 ............................................[FAIL]
                      2 ............................................[FAIL]
                      3 ............................................[FAIL]
                      error ........................................[FAIL]
                                                           ___   _    _   _    
                                                          |  _| / \  | | | |   
                                                          | |_|/ - \ | | | |_  
                                                          |_|  |_|_| |_| |___| 
-------------------------------------------------------------------------------
    [FAIL] on_buffer_before_change.qx _ empty
                                    \__ twice
    [FAIL] on_buffer_overflow.qx _ empty
                               \__ trigger
    [FAIL] on_skip_range_open-customized.qx _ customized
    [FAIL] on_skip_range_open.qx _ default
    [FAIL] on_bad_lexatom.qx _ bad-utf16
                           \__ good-utf16
    [FAIL] on_indentation-2.qx _ n-dedent
    [FAIL] on_indentation-1.qx _ ind-bad
                             \__ ind-bad-dedent
                             \__ ind-good
    [FAIL] on_match.qx _ failure
                     \__ match
    [FAIL] transition-x.qx _ 1
                         \__ 2
                         \__ 3
                         \__ error
    [FAIL] transition.qx _ 1
                       \__ 2
                       \__ 3
                       \__ error
===============================================================================
                                                                               
                                 Include Stack                                 
                                                                               
quex/TESTS/include-stack/TEST                                        <no date>
-------------------------------------------------------------------------------

 * Include Stack:

    Misc Scenarios
        queue.exe 1 .........................................[MAKE FAILED]
                  2 .........................................[MAKE FAILED]
                  20 ........................................[MAKE FAILED]
                  3 .........................................[MAKE FAILED]
                  4 .........................................[MAKE FAILED]
                  5 .........................................[MAKE FAILED]
                  empty .....................................[MAKE FAILED]
                                                           ___   _    _   _    
                                                          |  _| / \  | | | |   
                                                          | |_|/ - \ | | | |_  
                                                          |_|  |_|_| |_| |___| 
-------------------------------------------------------------------------------
    [FAIL] queue.exe _ 1
                   \__ 2
                   \__ 20
                   \__ 3
                   \__ 4
                   \__ 5
                   \__ empty
===============================================================================
                                                                               
                       Indentation Counter / Birds View                        
                                                                               
quex/TESTS/indentation_count/TEST                                    <no date>
-------------------------------------------------------------------------------
 * Bad character detection.
        bad.sh customized ..........................................[FAIL]
               customized-2 ........................................[FAIL]
               default .............................................[FAIL]
 * Commonalities of Indentation Counter vs. Patterns
        commonalities.sh 1 ...........................................[OK]
                         2 ...........................................[OK]
                         3 ...........................................[OK]
                         4 ...........................................[OK]
                         5 ...........................................[OK]
                         5b ..........................................[OK]
                         6 ...........................................[OK]
 * Customized Event Handlers
        comment.sh bash ............................................[FAIL]
                   c ...............................................[FAIL]
                   mix .............................................[FAIL]
 * Customized Event Handlers
        handlers.sh check-eof ......................................[FAIL]
                    empty-lines ....................................[FAIL]
                    on_dedent ......................................[FAIL]
                    on_indentation_error ...........................[FAIL]
                    on_n_dedent ....................................[FAIL]
 * Indentation Counting and Range Skipper
        with-skip-range.sh nested_range ............................[FAIL]
                           range ...................................[FAIL]
                           range-2 .................................[FAIL]
                                                           ___   _    _   _    
                                                          |  _| / \  | | | |   
                                                          | |_|/ - \ | | | |_  
                                                          |_|  |_|_| |_| |___| 
-------------------------------------------------------------------------------
    [FAIL] bad.sh _ customized
                \__ customized-2
                \__ default
    [FAIL] comment.sh _ bash
                    \__ c
                    \__ mix
    [FAIL] handlers.sh _ check-eof
                     \__ empty-lines
                     \__ on_dedent
                     \__ on_indentation_error
                     \__ on_n_dedent
    [FAIL] with-skip-range.sh _ nested_range
                            \__ range
                            \__ range-2
===============================================================================
                                                                               
                    Testing general patterns for 'loopers'                     
                                                                               
quex/TESTS/loop/TEST                                                 <no date>
-------------------------------------------------------------------------------
 * skip_nested_range
        skip_nested_range.exe ...............................[MAKE FAILED]
 * skip_range
        skip_range.exe ......................................[MAKE FAILED]
                                                           ___   _    _   _    
                                                          |  _| / \  | | | |   
                                                          | |_|/ - \ | | | |_  
                                                          |_|  |_|_| |_| |___| 
-------------------------------------------------------------------------------
    [FAIL] skip_nested_range.exe
    [FAIL] skip_range.exe
===============================================================================
                                                                               
                               Match Precedence                                
                                                                               
quex/TESTS/match-precedence/TEST                                     <no date>
-------------------------------------------------------------------------------
 * Checking DELETE marks internally.
        deletion.py 1 ................................................[OK]
                    2-begin ..........................................[OK]
                    2-end ............................................[OK]
                    3-begin ..........................................[OK]
                    3-end ............................................[OK]
                    3-mid ............................................[OK]
                    Nonsense .........................................[OK]
                    before ...........................................[OK]
                    derived-1 ........................................[OK]
                    derived-2-begin ..................................[OK]
                    derived-2-end ....................................[OK]
                    derived-3-begin ..................................[OK]
                    derived-3-end ....................................[OK]
                    derived-3-mid ....................................[OK]
                    derived-Nonsense .................................[OK]
                    derived-before ...................................[OK]
                    derived-deeply ...................................[OK]
                    subset ...........................................[OK]
                    superset .........................................[OK]
 * Checking PRIORITY-MARK internally.
        priority.py 1 ................................................[OK]
                    2-begin ..........................................[OK]
                    2-end ............................................[OK]
                    3-begin ..........................................[OK]
                    3-end ............................................[OK]
                    3-mid ............................................[OK]
                    Nonsense .........................................[OK]
                    before ...........................................[OK]
                    derived-1 ........................................[OK]
                    derived-2-begin ..................................[OK]
                    derived-2-end ....................................[OK]
                    derived-3-begin ..................................[OK]
                    derived-3-end ....................................[OK]
                    derived-3-mid ....................................[OK]
                    derived-Nonsense .................................[OK]
                    derived-before ...................................[OK]
                    derived-deeply ...................................[OK]
                    subset ...........................................[OK]
                    superset .........................................[OK]
 * Local variables.
        local-variables.sh .........................................[FAIL]
 * PRIORITY-MARK or DELETION on not existing pattern.
        unvalid-marks.sh DELETION-fail ...............................[OK]
                         DELETION-good ...............................[OK]
                         PRIORITY-fail ...............................[OK]
                         PRIORITY-good ...............................[OK]

 * Precedence:

    Derived before Base
        derived-before-base.sh .....................................[FAIL]
    Larger Inheritance Tree
        large-tree.sh ..............................................[FAIL]
                                                           ___   _    _   _    
                                                          |  _| / \  | | | |   
                                                          | |_|/ - \ | | | |_  
                                                          |_|  |_|_| |_| |___| 
-------------------------------------------------------------------------------
    [FAIL] local-variables.sh
    [FAIL] derived-before-base.sh
    [FAIL] large-tree.sh
===============================================================================
                                                                               
                                     Misc                                      
                                                                               
quex/TESTS/misc/TEST                                                 <no date>
-------------------------------------------------------------------------------
 * Challenges with Buffer Size 5
        challenge-with-tiny-buffer-sizes.sh PRE_LONG_X .............[FAIL]
                                            PRE_LONG_X_DTC .........[FAIL]
                                            PRE_LONG_X_PC ..........[FAIL]
                                            PRE_X ..................[FAIL]
                                            PRE_X_DTC ..............[FAIL]
                                            PRE_X_PC ...............[FAIL]
 * Customized codec files (option --encoding-file)
        customized_codec.sh ........................................[FAIL]
 * FSM DFA_State Tracer
        debug_show.sh ..............................................[FAIL]
 * Inadmissible commonalities
        commonality.sh indentation-newline ...........................[OK]
                       mix ...........................................[OK]
                       mix2 ..........................................[OK]
                       skip ..........................................[OK]
                       skip_nested_range .............................[OK]
                       skip_range ....................................[OK]
 * Provoque overflow and automatic buffer resize
        overflow-and-reallocate.sh included ........................[FAIL]
                                   plain ...........................[FAIL]
 * Respect max. recursion depth upon base mode inclusion.
        huge-inheritance.sh ..........................................[OK]
 * Test code comments
        comment.sh ............................................[NO OUTPUT]
 * Testing the implementation of line number pragmas
        line-number-pragma.sh qx ...................................[FAIL]
                              source ...............................[FAIL]

 * Challenges with Buffer Size 5:

    Extend on Overflow
        challenge-with-tiny-buffer-sizes-overflow-error.sh PRE_LONG_X [FAIL]
                                                           PRE_LONG_X_DTC [FAIL]
                                                           PRE_LONG_X_PC [FAIL]
                                                           PRE_X ...[FAIL]
                                                           PRE_X_DTC [FAIL]
                                                           PRE_X_PC [FAIL]
    Extend on Overflow
        challenge-with-tiny-buffer-sizes-overflow.sh PRE_LONG_X ....[FAIL]
                                                     PRE_LONG_X_DTC [FAIL]
                                                     PRE_LONG_X_PC .[FAIL]
                                                     PRE_X .........[FAIL]
                                                     PRE_X_DTC .....[FAIL]
                                                     PRE_X_PC ......[FAIL]
                                                           ___   _    _   _    
                                                          |  _| / \  | | | |   
                                                          | |_|/ - \ | | | |_  
                                                          |_|  |_|_| |_| |___| 
-------------------------------------------------------------------------------
    [FAIL] challenge-with-tiny-buffer-sizes.sh _ PRE_LONG_X
                                             \__ PRE_LONG_X_DTC
                                             \__ PRE_LONG_X_PC
                                             \__ PRE_X
                                             \__ PRE_X_DTC
                                             \__ PRE_X_PC
    [FAIL] customized_codec.sh
    [FAIL] debug_show.sh
    [FAIL] overflow-and-reallocate.sh _ included
                                    \__ plain
    [FAIL] comment.sh
    [FAIL] line-number-pragma.sh _ qx
                               \__ source
    [FAIL] challenge-with-tiny-buffer-sizes-overflow-error.sh _ PRE_LONG_X
                                                            \__ PRE_LONG_X_DTC
                                                            \__ PRE_LONG_X_PC
                                                            \__ PRE_X
                                                            \__ PRE_X_DTC
                                                            \__ PRE_X_PC
    [FAIL] challenge-with-tiny-buffer-sizes-overflow.sh _ PRE_LONG_X
                                                      \__ PRE_LONG_X_DTC
                                                      \__ PRE_LONG_X_PC
                                                      \__ PRE_X
                                                      \__ PRE_X_DTC
                                                      \__ PRE_X_PC
===============================================================================
                                                                               
                                     Reset                                     
                                                                               
quex/TESTS/reset/TEST                                                <no date>
-------------------------------------------------------------------------------
 * Normal Reset
        lexer-x 0 ....................................................[OK]
                1 ....................................................[OK]
                1000 .................................................[OK]
                134 ..................................................[OK]
                135 ..................................................[OK]
                136 ..................................................[OK]
                2 ....................................................[OK]
                20 ...................................................[OK]
                3 ....................................................[OK]
                30 ...................................................[OK]
                50 ...................................................[OK]

 * Reset w/ QuexLexatomLoader:

    Converter_ICU
        icu-lexer 0 ..................................................[OK]
                  1 ..................................................[OK]
                  1000 ...............................................[OK]
                  134 ................................................[OK]
                  135 ................................................[OK]
                  136 ................................................[OK]
                  2 ..................................................[OK]
                  20 .................................................[OK]
                  3 ..................................................[OK]
                  30 .................................................[OK]
                  50 .................................................[OK]
    Converter_IConv
        iconv-lexer 0 ................................................[OK]
                    1 ................................................[OK]
                    1000 .............................................[OK]
                    134 ..............................................[OK]
                    135 ..............................................[OK]
                    136 ..............................................[OK]
                    2 ................................................[OK]
                    20 ...............................................[OK]
                    3 ................................................[OK]
                    30 ...............................................[OK]
                    50 ...............................................[OK]
    Plain
        lexer 0 ......................................................[OK]
              1 ......................................................[OK]
              1000 ...................................................[OK]
              134 ....................................................[OK]
              135 ....................................................[OK]
              136 ....................................................[OK]
              2 ......................................................[OK]
              20 .....................................................[OK]
              3 ......................................................[OK]
              30 .....................................................[OK]
              50 .....................................................[OK]
    Plain w/ Engine Codec
        codec-lexer 0 ................................................[OK]
                    1 ................................................[OK]
                    1000 .............................................[OK]
                    134 ..............................................[OK]
                    135 ..............................................[OK]
                    136 ..............................................[OK]
                    2 ................................................[OK]
                    20 ...............................................[OK]
                    3 ................................................[OK]
                    30 ...............................................[OK]
                    50 ...............................................[OK]
                                                                    ___  _  _  
                                                                   / _ \| |/ ) 
                                                                  ( (_) | _ <  
                                                                   \___/|_|\_) 
===============================================================================
                                                                               
                          Source Package Distribution                          
                                                                               
quex/TESTS/source-package/TEST                                       <no date>
-------------------------------------------------------------------------------

 * Source Packager:

    C
        test-c.sh codec ............................................[FAIL]
                  codec-utf16 ......................................[FAIL]
                  codec-utf8 .......................................[FAIL]
                  customized-token-class ...........................[FAIL]
                  manual-token-class ...............................[FAIL]
                  no-counter .......................................[FAIL]
                  no-include-stack .................................[FAIL]
                  plain ............................................[FAIL]
    C++
        test-cpp.sh codec ..........................................[FAIL]
                    codec-utf16 ....................................[FAIL]
                    codec-utf8 .....................................[FAIL]
                    customized-token-class .........................[FAIL]
                    manual-token-class .............................[FAIL]
                    no-counter .....................................[FAIL]
                    no-include-stack ...............................[FAIL]
                    plain ..........................................[FAIL]
                                                           ___   _    _   _    
                                                          |  _| / \  | | | |   
                                                          | |_|/ - \ | | | |_  
                                                          |_|  |_|_| |_| |___| 
-------------------------------------------------------------------------------
    [FAIL] test-c.sh _ codec
                   \__ codec-utf16
                   \__ codec-utf8
                   \__ customized-token-class
                   \__ manual-token-class
                   \__ no-counter
                   \__ no-include-stack
                   \__ plain
    [FAIL] test-cpp.sh _ codec
                     \__ codec-utf16
                     \__ codec-utf8
                     \__ customized-token-class
                     \__ manual-token-class
                     \__ no-counter
                     \__ no-include-stack
                     \__ plain
===============================================================================
                                                                               
                                  Token Class                                  
                                                                               
quex/TESTS/token-class/TEST                                          <no date>
-------------------------------------------------------------------------------
 * Miscellaneous Sample Runs
        misc.sh double-colon .........................................[OK]
                empty ................................................[OK]
                no-namespace ..................................[NO OUTPUT]
                token ................................................[OK]
 * With token policy 'queue'.
        simple-queue.exe ....................................[MAKE FAILED]
                                                           ___   _    _   _    
                                                          |  _| / \  | | | |   
                                                          | |_|/ - \ | | | |_  
                                                          |_|  |_|_| |_| |___| 
-------------------------------------------------------------------------------
    [FAIL] misc.sh _ no-namespace
    [FAIL] simple-queue.exe
===============================================================================
                                                                               
                   Token Passing Policies (Queue vs. Single)                   
                                                                               
quex/TESTS/token-policies/TEST                                       <no date>
-------------------------------------------------------------------------------

 * Token Policy 'queue':

    Pseudo Analysis
        queue.exe ...........................................[MAKE FAILED]
    Real Analysis
        queue-real.exe ......................................[MAKE FAILED]
                                                           ___   _    _   _    
                                                          |  _| / \  | | | |   
                                                          | |_|/ - \ | | | |_  
                                                          |_|  |_|_| |_| |___| 
-------------------------------------------------------------------------------
    [FAIL] queue.exe
    [FAIL] queue-real.exe
===============================================================================
                                                                               
                                 FSM Code Base                                 
                                                                               
quex/code_base/analyzer/TEST                                         <no date>
-------------------------------------------------------------------------------
 * 
        counter-column_line-indentation-x.exe ......................[FAIL]
 * 
        counter-column_line-indentation.exe ........................[FAIL]
 * 
        counter-column_line-x.exe ..................................[FAIL]
 * 
        counter-column_line.exe ....................................[FAIL]
 * Statistics Module
        statistics.exe ...............................................[OK]
                                                           ___   _    _   _    
                                                          |  _| / \  | | | |   
                                                          | |_|/ - \ | | | |_  
                                                          |_|  |_|_| |_| |___| 
-------------------------------------------------------------------------------
    [FAIL] counter-column_line-indentation-x.exe
    [FAIL] counter-column_line-indentation.exe
    [FAIL] counter-column_line-x.exe
    [FAIL] counter-column_line.exe
===============================================================================
                                                                               
                      Encoding Converter Helper Functions                      
                                                                               
quex/code_base/lexeme_converter/TEST                                 <no date>
-------------------------------------------------------------------------------
 * Test of complete character set on base converters (utf8, utf16, utf32)
        characters ..........................................[MAKE FAILED]
 * utf16 to utf8, utf16, and utf32
        from-utf16 Drain_ToSmall ............................[MAKE FAILED]
                   Source_Empty .............................[MAKE FAILED]
                   Source_TestFile ..........................[MAKE FAILED]
 * utf32 to utf8, utf16, and utf32
        from-utf32 Drain_ToSmall ............................[MAKE FAILED]
                   Source_Empty .............................[MAKE FAILED]
                   Source_TestFile ..........................[MAKE FAILED]
 * utf8 to utf8, utf16, and utf32
        from-utf8 Drain_ToSmall .............................[MAKE FAILED]
                  Source_Empty ..............................[MAKE FAILED]
                  Source_TestFile ...........................[MAKE FAILED]
                                                           ___   _    _   _    
                                                          |  _| / \  | | | |   
                                                          | |_|/ - \ | | | |_  
                                                          |_|  |_|_| |_| |___| 
-------------------------------------------------------------------------------
    [FAIL] characters
    [FAIL] from-utf16 _ Drain_ToSmall
                    \__ Source_Empty
                    \__ Source_TestFile
    [FAIL] from-utf32 _ Drain_ToSmall
                    \__ Source_Empty
                    \__ Source_TestFile
    [FAIL] from-utf8 _ Drain_ToSmall
                   \__ Source_Empty
                   \__ Source_TestFile
===============================================================================
                                                                               
                      <no file 'hwut-info.dat', no title>                      
                                                                               
quex/code_base/token/TEST                                            <no date>
-------------------------------------------------------------------------------

 * TokenQueue:

    Push and Pop
        push-pop.exe plain ..................................[MAKE FAILED]
                     text ...................................[MAKE FAILED]
    Push and Pop with Repetition
        push-pop-repetition.exe .............................[MAKE FAILED]
                                                           ___   _    _   _    
                                                          |  _| / \  | | | |   
                                                          | |_|/ - \ | | | |_  
                                                          |_|  |_|_| |_| |___| 
-------------------------------------------------------------------------------
    [FAIL] push-pop.exe _ plain
                      \__ text
    [FAIL] push-pop-repetition.exe
===============================================================================
                                                                               
                                Track Analysis                                 
                                                                               
quex/engine/analyzer/TEST                                            <no date>
-------------------------------------------------------------------------------
 * Position Register vs. Post-Context and Last Acceptance
        test-position_register_map.py 0 ..............................[OK]
                                      1 ..............................[OK]
                                      2 ..............................[OK]
                                      3 ..............................[OK]
                                      4 ..............................[OK]
                                      5 ..............................[OK]

 * Paths Analysis:

    Single Pattern
        paths_analysis-single-pattern.py 0 ...........................[OK]
                                         1 ...........................[OK]
                                         10 ..........................[OK]
                                         2 ...........................[OK]
                                         3 ...........................[OK]
                                         4 ...........................[OK]
                                         5 ...........................[OK]
                                         6 ...........................[OK]
                                         7 ...........................[OK]
                                         8 ...........................[OK]
                                         9 ...........................[OK]

 * Paths Analyzis:

    Without Pre- and Post-Contexts
        paths_analysis.py 0 ..........................................[OK]
                          1 ..........................................[OK]
                          10 .........................................[OK]
                          2 ..........................................[OK]
                          3 ..........................................[OK]
                          4 ..........................................[OK]
                          5 ..........................................[OK]
                          6 ..........................................[OK]
                          7 ..........................................[OK]
                          8 ..........................................[OK]
                          9 ..........................................[OK]

 * Track Analysis:

    Single Pattern Checks
        track_analysis_single_pattern.py 0 ...........................[OK]
                                         1 ...........................[OK]
                                         10 ..........................[OK]
                                         2 ...........................[OK]
                                         3 ...........................[OK]
                                         4 ...........................[OK]
                                         5 ...........................[OK]
                                         6 ...........................[OK]
                                         7 ...........................[OK]
                                         8 ...........................[OK]
                                         9 ...........................[OK]

 * Track Analyzis:

    Backward Input Position Detection
        paths_analysis-backward-input-position-detection.py ..........[OK]
    Backwards - For Pre-Context
        paths_analysis-backwards.py 0 ................................[OK]
                                    1 ................................[OK]
    Special Loops and Forks
        paths_analysis-loops.py 0 ....................................[OK]
                                1 ....................................[OK]
                                2 ....................................[OK]
                                3 ....................................[OK]
                                4 ....................................[OK]
                                5 ....................................[OK]
                                6 ....................................[OK]
                                7 ....................................[OK]
    With Post-Contexts
        paths_analysis-post.py 10 ....................................[OK]
                               3 .....................................[OK]
                               4 .....................................[OK]
                               5 .....................................[OK]
                               6 .....................................[OK]
                               7 .....................................[OK]
                               8 .....................................[OK]
                               9 .....................................[OK]
    With Pre- and Post-Contexts
        paths_analysis-pre-post.py 1 .................................[OK]
                                   2 .................................[OK]
                                   3 .................................[OK]
                                   4 .................................[OK]
                                   5 .................................[OK]
                                   6 .................................[OK]
                                   7 .................................[OK]
                                   8 .................................[OK]
                                   9 .................................[OK]
    With Pre-Contexts
        paths_analysis-pre.py 0 ......................................[OK]
                              1 ......................................[OK]
                              10 .....................................[OK]
                              11 .....................................[OK]
                              12 .....................................[OK]
                              13 .....................................[OK]
                              14 .....................................[OK]
                              2 ......................................[OK]
                              3 ......................................[OK]
                              4 ......................................[OK]
                              5 ......................................[OK]
                              6 ......................................[OK]
                              7 ......................................[OK]
                              8 ......................................[OK]
                              9 ......................................[OK]
    Without Pre- and Post-Contexts
        track_analysis.py 0 ..........................................[OK]
                          1 ..........................................[OK]
                          10 .........................................[OK]
                          2 ..........................................[OK]
                          3 ..........................................[OK]
                          4 ..........................................[OK]
                          5 ..........................................[OK]
                          6 ..........................................[OK]
                          7 ..........................................[OK]
                          8 ..........................................[OK]
                          9 ..........................................[OK]

 * Transition Map Tools:

    TransitionMap.izip
        transition_map_tools-zipped_iterable.py ......................[OK]
    combine_adjacent
        transition_map_tools-combine_adjacent.py 1 ...................[OK]
                                                 2-diff ..............[OK]
                                                 2-same ..............[OK]
                                                 3-diff ..............[OK]
                                                 3-same ..............[OK]
    fill_gaps
        transition_map_tools-fill_gaps.py 1 ..........................[OK]
                                          2-diff .....................[OK]
                                          2-same .....................[OK]
                                          3-diff .....................[OK]
                                          3-same .....................[OK]
    prune
        transition_map_tools-prune.py 1 ..............................[OK]
                                      2 ..............................[OK]
                                      3 ..............................[OK]
    set
        transition_map_tools.py AbsorbA ..............................[OK]
                                AbsorbB ..............................[OK]
                                AbsorbC ..............................[OK]
                                Apart ................................[OK]
                                Normal ...............................[OK]
                                                                    ___  _  _  
                                                                   / _ \| |/ ) 
                                                                  ( (_) | _ <  
                                                                   \___/|_|\_) 
===============================================================================
                                                                               
                       Loop Generation and Applications                        
                                                                               
quex/engine/loop/TEST                                                <no date>
-------------------------------------------------------------------------------

 * Indentation Counting:

    With Comments
        indentation-w-comments.py Mixed ..............................[OK]
                                  NewlineTerminated ..................[OK]
                                  NotNewlineTerminated ...............[OK]
    With Tabulators
        indentation-w-tabs.py Back ...................................[OK]
                              Front ..................................[OK]
                              InComment ..............................[OK]
                              Potpourri ..............................[OK]
    Without Tabulators
        indentation.py CloseMultiple .................................[OK]
                       EmptyLines ....................................[OK]
                       InAndOut ......................................[OK]
                       NoDents .......................................[OK]
                       SuppressedNewline .............................[OK]

 * Loop:

    Get All Analyzers.
        loop-get_analazer_list.py appendix ...........................[OK]
                                  appendix-wot .......................[OK]
                                  loop ...............................[OK]
                                  non-const ..........................[OK]
    Get Loop Map.
        loop-get_loop_map.py AppendixI ...............................[OK]
                             AppendixNoI .............................[OK]
                             Plain ...................................[OK]
                             Split ...................................[OK]

 * Skip-Characters:

    UTF8 Engine -- Varrying Buffer Size
        skip-utf8.py 5 ...............................................[OK]
                     6 ...............................................[OK]
                     7 ...............................................[OK]
                     8 ...............................................[OK]
    Varrying Buffer Size
        skip.py 3 ....................................................[OK]
                4 ....................................................[OK]
                5 ....................................................[OK]
                6 ....................................................[OK]
                7 ....................................................[OK]
                8 ....................................................[OK]

 * Skip-NestedRange:

    Delimiters of different sizes
        skip-nested_range.py one .....................................[OK]
                             same-head ...............................[OK]
                             three ...................................[OK]
                             two .....................................[OK]

 * Skip-Range:

    Varrying DelimiterLength (Buffer=length+3)
        skip-range.py 1 ..............................................[OK]
                      2 ..............................................[OK]
                      3 ..............................................[OK]
                      4 ..............................................[OK]
                                                                    ___  _  _  
                                                                   / _ \| |/ ) 
                                                                  ( (_) | _ <  
                                                                   \___/|_|\_) 
===============================================================================
                                                                               
                    Miscellaneous Support Functions/Modules                    
                                                                               
quex/engine/misc/TEST                                                <no date>
-------------------------------------------------------------------------------
 * Enums -- Functionality Test
        enum.py ......................................................[OK]

 * File Input:

    Function delete_comment(...)
        test-delete_comment.py .......................................[OK]
    Function extract_identifiers_with_specific_prefix(...)
        test-extract_identifiers_with_specific_prefix.py .............[OK]
    Function read_until_closing_bracket(...)
        test-read_until_closing_bracket.py ...........................[OK]

 * Integer conversion:

    read_integer(...)
        test-read_integer.py Napier ..................................[OK]
                             binary ..................................[OK]
                             decimal .................................[OK]
                             hex .....................................[OK]
                             misc ....................................[OK]
                             octal ...................................[OK]
                             roman ...................................[OK]

 * String Handling:

    Trim (replaced by string.strip(..))
        test-trim.py .................................................[OK]
                                                                    ___  _  _  
                                                                   / _ \| |/ ) 
                                                                  ( (_) | _ <  
                                                                   \___/|_|\_) 
===============================================================================
                                                                               
                              Operations on DFAs                               
                                                                               
quex/engine/operations/TEST                                          <no date>
-------------------------------------------------------------------------------
 * Check that there are no trailing unused Ops
        no-unused-ops.py .............................................[OK]
 * SharedTailDB
        test-SharedTailDB.py init ....................................[OK]
                             pop_best ................................[OK]

 * Command:

    Basic
        basic.py .....................................................[OK]

 * Op:

    is_switchable
        is_switchable.py .............................................[OK]

 * Op.shared_tail:

    can_be_moved_to_tail
        can_be_moved_to_tail.py no-exceptions ........................[OK]
                                with-exceptions ......................[OK]
    find_last_common
        find_last_common.py 1-common .................................[OK]
                            2-common .................................[OK]
                            3-common .................................[OK]
                            EqualOp ..................................[OK]
                            no-common ................................[OK]
                            start-indices ............................[OK]
    find_last_common
        test-shared_tail.py multiple .................................[OK]
                            one-or-none ..............................[OK]
                            two ......................................[OK]
                            two-bad ..................................[OK]
                                                                    ___  _  _  
                                                                   / _ \| |/ ) 
                                                                  ( (_) | _ <  
                                                                   \___/|_|\_) 
===============================================================================
                                                                               
                                   DFA Tests                                   
                                                                               
quex/engine/state_machine/TEST                                       <no date>
-------------------------------------------------------------------------------

 * DFA:

    Cloning
        test-StateMachine-clone.py ...................................[OK]
    Get Trigger Map (intervals --> target states)
        test-StateInfo-trigger-map.py ................................[OK]
    Get Trigger Map (intervals --> target states)
        test-get_trigger_map.py 1 ....................................[OK]
                                2 ....................................[OK]
                                3 ....................................[OK]
                                4 ....................................[OK]
                                5 ....................................[OK]
                                6 ....................................[OK]
                                7 ....................................[OK]
                                8 ....................................[OK]
    get_predecessor_db
        test-StateMachine-get_predecessor_db.py bubble ...............[OK]
                                                bubble2 ..............[OK]
                                                bubble2b .............[OK]
                                                bubble3 ..............[OK]
                                                bubble4 ..............[OK]
                                                butterfly ............[OK]
                                                fork .................[OK]
                                                fork2 ................[OK]
                                                fork3 ................[OK]
                                                fork4 ................[OK]
                                                linear ...............[OK]
                                                long_loop ............[OK]
                                                mini_bubble ..........[OK]
                                                mini_join ............[OK]
                                                mini_loop ............[OK]
                                                nested_loop ..........[OK]
                                                tree .................[OK]

 * DFA Operations:

    Inverse
        test-StateMachine-inverse.py .................................[OK]

 * NFA:

    Epsilon closure (single state)
        test-StateMachine-epsilon-closure.py .........................[OK]
    Get elementary trigger sets (target index --> trigger sets)
        test-StateMachine-elementary_trigger_sets.py .................[OK]
    Get elementary trigger sets II
        test-StateMachine-elementary_trigger_sets-2.py ...............[OK]

 * Plot:

    Get graphviz string of state machine.
        test-StateMachine-get_graphviz_string.py 1 ...................[OK]
                                                 2 ...................[OK]

 * Predetermined Character Count:

    Characters
        test-count_character_n.py BeginOfLine ........................[OK]
                                  Normal .............................[OK]
    Characters of different horizontal sizes.
        test-count_character_n-2.py Different ........................[OK]
                                    Grid .............................[OK]
                                    Grid-BOL .........................[OK]
                                    Same .............................[OK]
                                    TwoSet ...........................[OK]
    Codec Engine
        test-count_character_n-codec.py UTF16 ........................[OK]
                                        UTF8 .........................[OK]
    Newlines
        test-count_newline_n.py ......................................[OK]

 * Pseudo Ambigous Post Condition:

    Detection
        test-ambiguous_post_condition-detect.py ......................[OK]
    Mounting
        test-ambiguous_post_condition-mount_pseudo.py ................[OK]
    The Philosophical Cut
        test-ambiguous_post_condition-philosophical_cut.py ...........[OK]

 * Tracing origin:

    Cloning
        test-StateMachine-trace-origin-clone.py ......................[OK]
    Hopcroft optimization (minimize state set)
        test-StateMachine-trace-origin-hopcroft-optimization.py ......[OK]
    NFA to DFA (subset construction)
        test-StateMachine-trace-origin-create-DFA.py .................[OK]
    NFA to DFA (subset construction) II
        test-StateMachine-trace-origin-create-DFA-2.py ...............[OK]

 * Trigger Set Check:

    Has Trigger
        test-StateInfo-has_trigger.py ................................[OK]
                                                                    ___  _  _  
                                                                   / _ \| |/ ) 
                                                                  ( (_) | _ <  
                                                                   \___/|_|\_) 
===============================================================================
                                                                               
                             Testing Mode Parsing                              
                                                                               
quex/input/files/TEST                                                <no date>
-------------------------------------------------------------------------------

 * Pattern-Action Pairs:

    abridgement
        abridgement.py ...............................................[OK]
    keyword_list
        keyword_list.py ..............................................[OK]
                                                                    ___  _  _  
                                                                   / _ \| |/ ) 
                                                                  ( (_) | _ <  
                                                                   \___/|_|\_) 
===============================================================================
                                                                               
                          Regular Expression Parsing                           
                                                                               
quex/input/regular_expression/TEST                                   <no date>
-------------------------------------------------------------------------------
 * Anti-Patterns
        anti-pattern.py ..............................................[OK]
 * Case Folding
        test-case_fold.py pattern ....................................[OK]
                          set ........................................[OK]
 * DFA Pattern Matching
        test-pattern-matching.py .....................................[OK]
 * Operations
        test-operations.py 0 .........................................[OK]
                           1 .........................................[OK]
                           2 .........................................[OK]
                           3 .........................................[OK]
                           special ...................................[OK]
 * Transformations
        test-transformation.py .......................................[OK]

 * Backslashed Characters:

    General
        test-snap_backslashed_character.py ...........................[OK]

 * Basics:

    Lonestanding characters
        test-lonely-characters.py ....................................[OK]
    Map character *range* to state machine
        test-set.py ..................................................[OK]
    Map character *string* to state machine
        test-string.py ...............................................[OK]
    Snap string until (low level function)
        test-snap_until.py ...........................................[OK]

 * Combination:

    Alternative Expressions
        test-alternatives.py .........................................[OK]
    Alternative Expressions
        test-set-expressions.py ......................................[OK]
    Simple repeated expressions
        test-repeated-expressions.py .................................[OK]

 * Conditional Analysis:

    Begin of Line '^', End of Line '$'
        test-bol-eol.py ..............................................[OK]
    End of Line '$' (with DOS/Windows '\r\n')
        test-eol-carriage-return-newline.py ..........................[OK]
    post conditions
        test-post-condition.py .......................................[OK]
    pre conditions
        test-pre-condition.py ........................................[OK]
    pre- and post-conditions
        test-pre-and-post-condition.py ...............................[OK]

 * Replacement:

    Character Sets
        test-replacement-2.py ........................................[OK]
    Regular Expression DFAs
        test-replacement.py ..........................................[OK]

 * Unicode properties:

    Set Operations
        test-properties-2.py .........................................[OK]
    Simple
        test-properties.py ...........................................[OK]
                                                                    ___  _  _  
                                                                   / _ \| |/ ) 
                                                                  ( (_) | _ <  
                                                                   \___/|_|\_) 
===============================================================================
                                                                               
                             Output Core Generator                             
                                                                               
quex/output/core/TEST                                                <no date>
-------------------------------------------------------------------------------
 * Mode Changes
        test-mode-changes.py ANSI-C ..................................[OK]
                             ANSI-C-CG ...............................[OK]
                             Cpp ...................................[FAIL]
 * Special Cases
        challenge-with-tiny-buffer-sizes.py dtc-l2 ...................[OK]
                                            dtc-l3 ...................[OK]
                                            dtc-long-way-back ........[OK]
                                            l2 .......................[OK]
                                            l3 .......................[OK]
                                            long-way-back ............[OK]
                                            pc-l2 ....................[OK]
                                            pc-l3 ....................[OK]
                                            pc-long-way-back .........[OK]

 * Buffer Reload:

    Backwards
        test-backward_loading.py ANSI-C ..............................[OK]
                                 ANSI-C-ASSERTS ......................[OK]
                                 ANSI-C-CG ...........................[OK]
                                 ANSI-C-PathTemplate .................[OK]
                                 ANSI-C-PlainMemory ..................[OK]
                                 Cpp .................................[OK]
                                 Cpp-ASSERTS .........................[OK]
                                 Cpp-Path ............................[OK]
                                 Cpp-Path-CG .........................[OK]
                                 Cpp-PathUniform .....................[OK]
                                 Cpp-PathUniform-CG ..................[OK]
                                 Cpp-Template ........................[OK]
                                 Cpp-Template-CG .....................[OK]
    Forward Position Adaption
        test-position_adaption.py ANSI-C .............................[OK]
                                  ANSI-C-ASSERTS .....................[OK]
                                  ANSI-C-CG ..........................[OK]
                                  ANSI-C-PathTemplate ................[OK]
                                  ANSI-C-PlainMemory .................[OK]
                                  Cpp ................................[OK]
                                  Cpp-ASSERTS ........................[OK]
                                  Cpp-Path ...........................[OK]
                                  Cpp-Path-CG ........................[OK]
                                  Cpp-PathUniform ....................[OK]
                                  Cpp-PathUniform-CG .................[OK]
                                  Cpp-Template .......................[OK]
                                  Cpp-Template-CG ....................[OK]
                                  Cpp_StrangeStream ..................[OK]
    No Backward Reload -- Precondition at Border
        test-no-backward-reloading.py ANSI-C .........................[OK]
                                      ANSI-C-ASSERTS .................[OK]
                                      ANSI-C-CG ......................[OK]
                                      ANSI-C-PathTemplate ............[OK]
                                      ANSI-C-PlainMemory .............[OK]
                                      Cpp ............................[OK]
                                      Cpp-ASSERTS ....................[OK]
                                      Cpp-Path .......................[OK]
                                      Cpp-Path-CG ....................[OK]
                                      Cpp-PathUniform ................[OK]
                                      Cpp-PathUniform-CG .............[OK]
                                      Cpp-Template ...................[OK]
                                      Cpp-Template-CG ................[OK]
                                      Cpp_StrangeStream ..............[OK]

 * CONTINUE:

    Reentry analysis without return from function
        test-continue-without-return.py ANSI-C .......................[OK]
                                        ANSI-C-CG ....................[OK]
                                        ANSI-C-PathTemplate ..........[OK]
                                        ANSI-C-PlainMemory ...........[OK]
                                        Cpp ..........................[OK]
                                        Cpp-Path .....................[OK]
                                        Cpp-Path-CG ..................[OK]
                                        Cpp-PathUniform ..............[OK]
                                        Cpp-PathUniform-CG ...........[OK]
                                        Cpp-Template .................[OK]
                                        Cpp-Template-CG ..............[OK]
                                        Cpp_StrangeStream ............[OK]

 * Post Conditions:

    Part 2
        test-post-conditions-2.py ANSI-C .............................[OK]
                                  ANSI-C-CG ..........................[OK]
                                  ANSI-C-PathTemplate ................[OK]
                                  ANSI-C-PlainMemory .................[OK]
                                  Cpp ................................[OK]
                                  Cpp-Path ...........................[OK]
                                  Cpp-Path-CG ........................[OK]
                                  Cpp-PathUniform ....................[OK]
                                  Cpp-PathUniform-CG .................[OK]
                                  Cpp-Template .......................[OK]
                                  Cpp-Template-CG ....................[OK]
                                  Cpp_StrangeStream ..................[OK]
    Part I
        test-post-conditions.py ANSI-C ...............................[OK]
                                ANSI-C-CG ............................[OK]
                                Cpp ..................................[OK]
    Part III
        test-post-conditions-3.py ANSI-C .............................[OK]
                                  ANSI-C-CG ..........................[OK]
                                  Cpp ................................[OK]

 * Pre Conditions:

    Multiple Identical Pre-Conditions
        test-pre-conditions-3.py ANSI-C ..............................[OK]
                                 ANSI-C-CG ...........................[OK]
                                 ANSI-C-PathTemplate .................[OK]
                                 ANSI-C-PlainMemory ..................[OK]
                                 Cpp .................................[OK]
                                 Cpp-Path ............................[OK]
                                 Cpp-Path-CG .........................[OK]
                                 Cpp-PathUniform .....................[OK]
                                 Cpp-PathUniform-CG ..................[OK]
                                 Cpp-Template ........................[OK]
                                 Cpp-Template-CG .....................[OK]
                                 Cpp_StrangeStream ...................[OK]
    Part 2
        test-pre-conditions-2.py ANSI-C ..............................[OK]
                                 ANSI-C-CG ...........................[OK]
                                 ANSI-C-PathTemplate .................[OK]
                                 ANSI-C-PlainMemory ..................[OK]
                                 Cpp .................................[OK]
                                 Cpp-Path ............................[OK]
                                 Cpp-Path-CG .........................[OK]
                                 Cpp-PathUniform .....................[OK]
                                 Cpp-PathUniform-CG ..................[OK]
                                 Cpp-Template ........................[OK]
                                 Cpp-Template-CG .....................[OK]
                                 Cpp_StrangeStream ...................[OK]

 * Pre- and Post- Conditions:

    Simple
        test-pre-post-condition.py ANSI-C ............................[OK]
                                   ANSI-C-CG .........................[OK]
                                   ANSI-C-PathTemplate ...............[OK]
                                   ANSI-C-PlainMemory ................[OK]
                                   Cpp ...............................[OK]
                                   Cpp-Path ..........................[OK]
                                   Cpp-Path-CG .......................[OK]
                                   Cpp-PathUniform ...................[OK]
                                   Cpp-PathUniform-CG ................[OK]
                                   Cpp-Template ......................[OK]
                                   Cpp-Template-CG ...................[OK]
                                   Cpp_StrangeStream .................[OK]

 * Pre-conditions:

    The forth test
        test-pre-conditions-4.py ANSI-C ..............................[OK]
                                 Cpp-Path-CG .......................[FAIL]
                                 Cpp-Template ........................[OK]

 * Pseudo Ambgiguous Post Condition:

    Part I
        test-pseudo_ambiguous_post_conditions.py ANSI-C ..............[OK]
                                                 ANSI-C-CG ...........[OK]
                                                 ANSI-C-PathTemplate .[OK]
                                                 ANSI-C-PlainMemory ..[OK]
                                                 Cpp .................[OK]
                                                 Cpp-Path ............[OK]
                                                 Cpp-Path-CG .........[OK]
                                                 Cpp-Template ........[OK]
                                                 Cpp-Template-CG .....[OK]
                                                 Cpp_StrangeStream ...[OK]
    Part II
        test-pseudo_ambiguous_post_conditions-2.py ANSI-C ............[OK]
                                                   ANSI-C-CG .........[OK]
                                                   ANSI-C-PathTemplate [OK]
                                                   ANSI-C-PlainMemory [OK]
                                                   Cpp ...............[OK]
                                                   Cpp-Path ..........[OK]
                                                   Cpp-Path-CG .......[OK]
                                                   Cpp-Template ......[OK]
                                                   Cpp-Template-CG ...[OK]
                                                   Cpp_StrangeStream .[OK]

 * Simple:

    Begin of Line (BOL), End of Line (EOL)
        test-bol-eol.py ANSI-C .......................................[OK]
                        ANSI-C-CG ....................................[OK]
                        ANSI-C-PathTemplate ..........................[OK]
                        ANSI-C-PlainMemory ...........................[OK]
                        Cpp ..........................................[OK]
                        Cpp-Path .....................................[OK]
                        Cpp-Path-CG ..................................[OK]
                        Cpp-PathUniform ..............................[OK]
                        Cpp-PathUniform-CG ...........................[OK]
                        Cpp-Template .................................[OK]
                        Cpp-Template-CG ..............................[OK]
                        Cpp_StrangeStream ............................[OK]
    Keywords 'for', 'forest', 'forester', and 'formidable'
        test-simple-5.py ANSI-C ......................................[OK]
                         ANSI-C-CG ...................................[OK]
                         ANSI-C-PathTemplate .........................[OK]
                         ANSI-C-PlainMemory ..........................[OK]
                         Cpp .........................................[OK]
                         Cpp-Path ....................................[OK]
                         Cpp-Path-CG .................................[OK]
                         Cpp-Template ................................[OK]
                         Cpp-Template-CG .............................[OK]
                         Cpp_StrangeStream ...........................[OK]
    Maximum Length Match
        test-simple-2.py ANSI-C ......................................[OK]
                         ANSI-C-CG ...................................[OK]
                         ANSI-C-PathTemplate .......................[FAIL]
                         ANSI-C-PlainMemory ..........................[OK]
                         Cpp .........................................[OK]
                         Cpp-Path ..................................[FAIL]
                         Cpp-Path-CG ...............................[FAIL]
                         Cpp-PathUniform ...........................[FAIL]
                         Cpp-PathUniform-CG ........................[FAIL]
                         Cpp-Template ................................[OK]
                         Cpp-Template-CG .............................[OK]
                         Cpp_StrangeStream ...........................[OK]
    Reload Init State
        test-continue-without-return-2.py ANSI-C .....................[OK]
                                          ANSI-C-CG ..................[OK]
                                          Cpp ........................[OK]
    Reload Init State
        test-pre-conditions.py ANSI-C ................................[OK]
                               ANSI-C-CG .............................[OK]
                               Cpp ...................................[OK]
    Reload Init State
        test-simple-3.py ANSI-C ......................................[OK]
                         ANSI-C-CG ...................................[OK]
                         Cpp .........................................[OK]
    Reload Init State
        test-simple-6.py ANSI-C ......................................[OK]
                         Cpp-Template ................................[OK]
    Tiny Expressions
        test-simple.py ANSI-C ........................................[OK]
                       ANSI-C-CG .....................................[OK]
                       ANSI-C-PathTemplate ...........................[OK]
                       ANSI-C-PlainMemory ............................[OK]
                       Cpp ...........................................[OK]
                       Cpp-Path ......................................[OK]
                       Cpp-Path-CG ...................................[OK]
                       Cpp-PathUniform ...............................[OK]
                       Cpp-PathUniform-CG ............................[OK]
                       Cpp-Template ..................................[OK]
                       Cpp-Template-CG ...............................[OK]
                       Cpp_StrangeStream .............................[OK]

 * Single DFA_State:

    Transition Code Generation
        test-single-state-transitions.py A ....................[NO OUTPUT]
                                         A-UTF8 ...............[NO OUTPUT]
                                         B ....................[NO OUTPUT]
                                         B-UTF8 ...............[NO OUTPUT]
                                         C ....................[NO OUTPUT]
                                         C-UTF8 ...............[NO OUTPUT]
                                                           ___   _    _   _    
                                                          |  _| / \  | | | |   
                                                          | |_|/ - \ | | | |_  
                                                          |_|  |_|_| |_| |___| 
-------------------------------------------------------------------------------
    [FAIL] test-mode-changes.py _ Cpp
    [FAIL] test-pre-conditions-4.py _ Cpp-Path-CG
    [FAIL] test-simple-2.py _ ANSI-C-PathTemplate
                          \__ Cpp-Path
                          \__ Cpp-Path-CG
                          \__ Cpp-PathUniform
                          \__ Cpp-PathUniform-CG
    [FAIL] test-single-state-transitions.py _ A
                                          \__ A-UTF8
                                          \__ B
                                          \__ B-UTF8
                                          \__ C
                                          \__ C-UTF8
===============================================================================
                                                                               
                                   Code Base                                   
                                                                               
quex/code_base/TESTS/general/TEST                                    <no date>
-------------------------------------------------------------------------------

 * BOM Snap:

    FILE
        bom.exe ......................................................[OK]
    ifstream
        bom-istream.exe ..............................................[OK]

 * Consistency:

    Files in multi.i are not included elsewhere.
        test-include-Multi.sh ......................................[FAIL]

 * StrangeStream:

    char stream based.
        strange_stream.exe 2 .........................................[OK]
                           3 .........................................[OK]
                           4 .........................................[OK]
                           5 .........................................[OK]
    wchar_t stream based.
        strange_wstream.exe 2 ........................................[OK]
                            3 ........................................[OK]
                            4 ........................................[OK]
                            5 ........................................[OK]
                                                           ___   _    _   _    
                                                          |  _| / \  | | | |   
                                                          | |_|/ - \ | | | |_  
                                                          |_|  |_|_| |_| |___| 
-------------------------------------------------------------------------------
    [FAIL] test-include-Multi.sh
===============================================================================
                                                                               
            Resource Scenarios for Constructor, Include, and Reset             
                                                                               
quex/code_base/analyzer/struct/TEST                                  <no date>
-------------------------------------------------------------------------------
 * Constructor
        test-constructor.exe byte-loader .............................[OK]
                             file-name ...............................[OK]
                             memory ..................................[OK]
 * Include Push/Pop
        test-include_push.exe byte-loader ...................[MAKE FAILED]
                              file-name .....................[MAKE FAILED]
                              memory ........................[MAKE FAILED]
 * Include Push/Pop Deep
        test-include-deep.exe ...............................[MAKE FAILED]
 * Reset
        test-reset.exe byte-loader ...................................[OK]
                       file-name .....................................[OK]
                       memory ........................................[OK]
                       plain .........................................[OK]
                                                           ___   _    _   _    
                                                          |  _| / \  | | | |   
                                                          | |_|/ - \ | | | |_  
                                                          |_|  |_|_| |_| |___| 
-------------------------------------------------------------------------------
    [FAIL] test-include_push.exe _ byte-loader
                               \__ file-name
                               \__ memory
    [FAIL] test-include-deep.exe
===============================================================================
                                                                               
                                  ByteLoaders                                  
                                                                               
quex/code_base/buffer/bytes/TEST                                     <no date>
-------------------------------------------------------------------------------
 * Segmented Input
        segmented-input.exe Handler .........................[MAKE FAILED]
                            Normal ..........................[MAKE FAILED]

 * QUEX_NAME(ByteLoader):

    FILE
        test-FILE.exe basic .................................[MAKE FAILED]
                      init-pos ..............................[MAKE FAILED]
    Memory
        test-Memory.exe basic ...............................[MAKE FAILED]
                        init-pos ............................[MAKE FAILED]
    POSIX
        test-POSIX.exe basic ................................[MAKE FAILED]
                       init-pos .............................[MAKE FAILED]
    std::fstream
        test-fstream.exe basic ..............................[MAKE FAILED]
                         init-pos ...........................[MAKE FAILED]
    std::stringstream
        test-stringstream.exe basic .........................[MAKE FAILED]
                              init-pos ......................[MAKE FAILED]
                                                           ___   _    _   _    
                                                          |  _| / \  | | | |   
                                                          | |_|/ - \ | | | |_  
                                                          |_|  |_|_| |_| |___| 
-------------------------------------------------------------------------------
    [FAIL] segmented-input.exe _ Handler
                             \__ Normal
    [FAIL] test-FILE.exe _ basic
                       \__ init-pos
    [FAIL] test-Memory.exe _ basic
                         \__ init-pos
    [FAIL] test-POSIX.exe _ basic
                        \__ init-pos
    [FAIL] test-fstream.exe _ basic
                          \__ init-pos
    [FAIL] test-stringstream.exe _ basic
                               \__ init-pos
===============================================================================
                                                                               
                      <no file 'hwut-info.dat', no title>                      
                                                                               
quex/code_base/extra/accumulator/TEST                                <no date>
-------------------------------------------------------------------------------
 * Accumulator
        accumulator.exe Character ...........................[MAKE FAILED]
                        Mix .................................[MAKE FAILED]
                        N-Character .........................[MAKE FAILED]
                        N-String ............................[MAKE FAILED]
                        String ..............................[MAKE FAILED]
                                                           ___   _    _   _    
                                                          |  _| / \  | | | |   
                                                          | |_|/ - \ | | | |_  
                                                          |_|  |_|_| |_| |___| 
-------------------------------------------------------------------------------
    [FAIL] accumulator.exe _ Character
                         \__ Mix
                         \__ N-Character
                         \__ N-String
                         \__ String
===============================================================================
                                                                               
                      <no file 'hwut-info.dat', no title>                      
                                                                               
quex/code_base/extra/post_categorizer/TEST                           <no date>
-------------------------------------------------------------------------------

 * Post Categorizer:

    Enter
        post-categorizer-enter.exe 0 .................................[OK]
                                   1 .................................[OK]
                                   2 .................................[OK]
                                   3 .................................[OK]
                                   4 .................................[OK]
                                   5 .................................[OK]
                                   6 .................................[OK]
    Enter
        post-categorizer-find.exe 0 ..................................[OK]
                                  1 ..................................[OK]
                                  2 ..................................[OK]
                                  3 ..................................[OK]
                                  4 ..................................[OK]
                                  5 ..................................[OK]
                                  6 ..................................[OK]
    Remove Existent Node
        post-categorizer-remove-2.exe Ab .............................[OK]
                                      Ad .............................[OK]
                                      Af .............................[OK]
                                      Ah .............................[OK]
                                      Bb .............................[OK]
                                      Bd .............................[OK]
                                      Bf .............................[OK]
    Remove Non-Existent Node
        post-categorizer-remove.exe Aa ...............................[OK]
                                    Ac ...............................[OK]
                                    Ae ...............................[OK]
                                    Ag ...............................[OK]
                                    Ai ...............................[OK]
                                    Ba ...............................[OK]
                                    Bc ...............................[OK]
                                    Be ...............................[OK]
    Remove Total
        post-categorizer-remove-total.exe 1 ..........................[OK]
                                          2 ..........................[OK]
                                          3 ..........................[OK]
                                          4 ..........................[OK]
                                          5 ..........................[OK]
                                          6 ..........................[OK]
                                          7 ..........................[OK]
                                                                    ___  _  _  
                                                                   / _ \| |/ ) 
                                                                  ( (_) | _ <  
                                                                   \___/|_|\_) 
===============================================================================
                                                                               
                            DFA related Algorithms                             
                                                                               
quex/engine/state_machine/algorithm/TEST                             <no date>
-------------------------------------------------------------------------------

 * DFA:

    Hopcroft optimization (minimize state set)
        test-hopcroft-minimization.py ADAPT ..........................[OK]
                                      NEW ............................[OK]
    Hopcroft optimization (minimize state set) II
        test-hopcroft-minimization-2.py ADAPT ........................[OK]
                                        NEW ..........................[OK]
    Hopcroft optimization III (state machine combination)
        test-hopcroft-minimization-3.py ADAPT ........................[OK]
                                        NEW ..........................[OK]

 * NFA:

    Conversion to DFA (subset construction)
        test-nfa-to-dfa-ng.py ........................................[OK]
    Conversion to DFA (subset construction)
        test-nfa-to-dfa.py ...........................................[OK]
    Conversion to DFA - Special Case
        test-nfa-to-dfa-special.py ...................................[OK]
                                                                    ___  _  _  
                                                                   / _ \| |/ ) 
                                                                  ( (_) | _ <  
                                                                   \___/|_|\_) 
===============================================================================
                                                                               
                                  DFA Checks                                   
                                                                               
quex/engine/state_machine/check/TEST                                 <no date>
-------------------------------------------------------------------------------
 * Commonality Checker
        test-commonality.py ..........................................[OK]
 * Outrun - Matching Same and More
        test-outrun.py ...............................................[OK]
 * Pattern Identity Determination
        test-identity_checker.py False ...............................[OK]
                                 Pre-Post-Contexts-False .............[OK]
                                 Pre-Post-Contexts-True ..............[OK]
                                 True ................................[OK]
 * Pattern Superset/Subset Determination
        test-subset_checker.py Easy ..................................[OK]
                               FalseCases ............................[OK]
                               FalseCasesII ..........................[OK]
                               GoodCases .............................[OK]
                               GoodCasesII ...........................[OK]
                               Misc ..................................[OK]
                               Pre-Post-Conditions ...................[OK]
 * Tail Checker
        test-tail.py .................................................[OK]
                                                                    ___  _  _  
                                                                   / _ \| |/ ) 
                                                                  ( (_) | _ <  
                                                                   \___/|_|\_) 
===============================================================================
                                                                               
                   Parallel and Sequential Mounting of DFAs.                   
                                                                               
quex/engine/state_machine/construction/TEST                          <no date>
-------------------------------------------------------------------------------

 * DFA Operations:

    Append Post Condition
        test-setup_border_conditions.py ..............................[OK]
    Append Post Condition
        test-setup_post_condition.py .................................[OK]
    Mount Paralell
        test-parallelize.py ..........................................[OK]
    Repetition with min and max repetition numbers
        test-repeat.py ...............................................[OK]
    Repetitions Kleene closure 0 or arbitrary repetitions
        test-repeat-pure.py ..........................................[OK]
    Sequence
        test-sequentialize.py simply-three ...........................[OK]
    Setup Pre-Condition
        test-setup_pre_condition.py ..................................[OK]

 * Tracing origin:

    Paralellization
        test-parallelize-trace-origin.py .............................[OK]
                                                                    ___  _  _  
                                                                   / _ \| |/ ) 
                                                                  ( (_) | _ <  
                                                                   \___/|_|\_) 
===============================================================================
                                                                               
                              DFA Cut Arithmetic                               
                                                                               
quex/engine/state_machine/cut/TEST                                   <no date>
-------------------------------------------------------------------------------

 * Complement Begin:

    Cut patterns from P that contain Q.
        test-not_in.py 0 .............................................[OK]
                       1 .............................................[OK]
                       2 .............................................[OK]
                       3 .............................................[OK]
                       4 .............................................[OK]
                       5 .............................................[OK]

 * Complement End:

    Cut patterns from P that end with Q.
        test-not_end.py 0 ............................................[OK]
                        1 ............................................[OK]
                        2 ............................................[OK]
                        3 ............................................[OK]
                        4 ............................................[OK]
                        5 ............................................[OK]

 * Cut Begin:

    Cut P so that it does not start with Q.
        test-cut_begin.py 0 ..........................................[OK]
                          0b .........................................[OK]
                          1 ..........................................[OK]
                          2 ..........................................[OK]
                          3 ..........................................[OK]
                          4 ..........................................[OK]
                          5 ..........................................[OK]
                          wild .......................................[OK]

 * Cut End:

    Cut P so that it does not end with Q.
        test-cut_end.py 0 ............................................[OK]
                        1 ............................................[OK]
                        2 ............................................[OK]
                        3 ............................................[OK]
                        4 ............................................[OK]
                        5 ............................................[OK]
                        wild .........................................[OK]

 * NotBegin:

    Cut patterns from P that begin with Q.
        test-not_begin.py 0 ..........................................[OK]
                          1 ..........................................[OK]
                          2 ..........................................[OK]
                          3 ..........................................[OK]
                          4 ..........................................[OK]
                          5 ..........................................[OK]
                                                                    ___  _  _  
                                                                   / _ \| |/ ) 
                                                                  ( (_) | _ <  
                                                                   \___/|_|\_) 
===============================================================================
                                                                               
                              DFA Transformations                              
                                                                               
quex/engine/state_machine/transformation/TEST                        <no date>
-------------------------------------------------------------------------------

 * Interval Sequences:

    Iterate over bunches
        test-get_intermediate_transition_maps.py 1 ...................[OK]
                                                 2 ...................[OK]
                                                 3 ...................[OK]
                                                 4 ...................[OK]
    Iterate over bunches
        test-iterate-interval-sequences.py 1 .........................[OK]
                                           2 .........................[OK]
                                           3 .........................[OK]
                                           index .....................[OK]
                                           limit .....................[OK]

 * State Split:

    Plug Interval Sequence
        test-plug-interval-sequence.py 1.1 ...........................[OK]
                                       1.2 ...........................[OK]
                                       2.1 ...........................[OK]
                                       2.2 ...........................[OK]
                                       2.3 ...........................[OK]
                                       3.1 ...........................[OK]
                                       3.2 ...........................[OK]
                                       3.3 ...........................[OK]
                                       4.1 ...........................[OK]
                                       4.2 ...........................[OK]
                                       4.3 ...........................[OK]
                                       4.4 ...........................[OK]
    Plug Interval Sequence - With BL Detection
        test-plug-interval-sequence-with-bad-lexatom-detection.py 1.1 [OK]
                                                                  1.2 [OK]
                                                                  2.1 [OK]
                                                                  2.2 [OK]
                                                                  2.3 [OK]
                                                                  3.1 [OK]
                                                                  3.2 [OK]
                                                                  3.3 [OK]
                                                                  4.1 [OK]
                                                                  4.2 [OK]
                                                                  4.3 [OK]
                                                                  4.4 [OK]

 * Table-Based Transformations (fixed size):

    Examplary Unicode Ranges
        test-codec-on-ucs-range.py EBCDIC-CP-BE ......................[OK]
                                   arabic ............................[OK]
                                   ascii .............................[OK]
                                   cp037 .............................[OK]
                                   cp1140 ............................[OK]
                                   hebrew ............................[OK]
                                   iso8859_10 ........................[OK]
                                   macgreek ..........................[OK]

 * UTF16 Split:

    Contigous Word Sequence Ranges
        test-utf16_interval_split.py 1 ...............................[OK]
                                     2 ...............................[OK]
                                     3 ...............................[OK]
                                     4 ...............................[OK]
                                     5 ...............................[OK]
    Unicode Language-Scripts as Examplary Ranges
        test-utf16-on-unicode-script-ranges.py .......................[OK]

 * UTF8 Split:

    Contigous Byte Sequence Ranges
        test-utf8_number_set_split.py 1 ..............................[OK]
                                      2 ..............................[OK]
                                      3 ..............................[OK]
                                      4 ..............................[OK]
                                      4b .............................[OK]
                                      misc ...........................[OK]
    Intervals
        test-utf8_number_set_split-by-length.py 1 ....................[OK]
                                                2 ....................[OK]
                                                Overlap1 .............[OK]
                                                Overlap2 .............[OK]
    Repetition at Codec Boarders
        test-utf16-boarders.py error-detect ..........................[OK]
                               plain .................................[OK]
    Repetition at Codec Boarders
        test-utf8-boarders.py error-detect ...........................[OK]
                              plain ..................................[OK]
    Unicode Language-Scripts as Examplary Ranges
        test-utf8-on-unicode-script-ranges.py ........................[OK]
                                                                    ___  _  _  
                                                                   / _ \| |/ ) 
                                                                  ( (_) | _ <  
                                                                   \___/|_|\_) 
===============================================================================
                                                                               
                                  Output Cpp                                   
                                                                               
quex/output/languages/cpp/TEST                                       <no date>
-------------------------------------------------------------------------------
 * Files for Packaging vs. Files in Code Base
        package-file-db.py .........................................[FAIL]
 * Token Class Template
        test-token_class.py ........................................[FAIL]

 * Character Counter:

    Default Implementation
        test-counter.py ascii-1 ......................................[OK]
                        ascii-1-wo-ReferenceP ........................[OK]
                        cp737-1 ......................................[OK]
                        cp737-1-wo-ReferenceP ........................[OK]
                        utf_16_le-1 ..................................[OK]
                        utf_16_le-1-wo-ReferenceP ....................[OK]
                        utf_16_le-2 ..................................[OK]
                        utf_16_le-2-wo-ReferenceP ....................[OK]
                        utf_32_le-1 ..................................[OK]
                        utf_32_le-1-wo-ReferenceP ....................[OK]
                        utf_8-1 ......................................[OK]
                        utf_8-1-wo-ReferenceP ........................[OK]
                        utf_8-2 ......................................[OK]
                        utf_8-2-wo-ReferenceP ........................[OK]
                        utf_8-3 ......................................[OK]
                        utf_8-3-wo-ReferenceP ........................[OK]
                        utf_8-4 ......................................[OK]
                        utf_8-4-wo-ReferenceP ........................[OK]

 * Converter:

    Determine UTF-8 Range Map for Codec
        test-converter-C.py cp037 ..................................[FAIL]
                            cp1256 .................................[FAIL]
                            cp737 ..................................[FAIL]
                            cp866 ..................................[FAIL]
    Determine UTF-8 Range Map for Codec
        test-converter-x.py 1 ........................................[OK]
                            2 ........................................[OK]
                            3 ........................................[OK]
    Determine UTF-8 Range Map for Codec
        test-converter.py 1 ..........................................[OK]
                          2 ..........................................[OK]
                          3 ..........................................[OK]
                          4 ..........................................[OK]
                                                           ___   _    _   _    
                                                          |  _| / \  | | | |   
                                                          | |_|/ - \ | | | |_  
                                                          |_|  |_|_| |_| |___| 
-------------------------------------------------------------------------------
    [FAIL] package-file-db.py
    [FAIL] test-token_class.py
    [FAIL] test-converter-C.py _ cp037
                             \__ cp1256
                             \__ cp737
                             \__ cp866
===============================================================================
                                                                               
                       Code Generation for Graphviz/Dot                        
                                                                               
quex/output/languages/graphviz/TEST                                  <no date>
-------------------------------------------------------------------------------

 * Plot:

    Backward Detector (for pseudo-ambiguous post context).
        plot-papc.py .................................................[OK]
    Core state machine.
        plot-core.py .................................................[OK]
    Pre-Context.
        plot-pre-context.py ..........................................[OK]
                                                                    ___  _  _  
                                                                   / _ \| |/ ) 
                                                                  ( (_) | _ <  
                                                                   \___/|_|\_) 
===============================================================================
                                                                               
                         Forward and Backward Loading                          
                                                                               
quex/code_base/buffer/TESTS/load/TEST                                <no date>
-------------------------------------------------------------------------------

 * API:

    load_forward
        forward-api.exe BAD_LEXATOM ..................................[OK]
                        DONE .........................................[OK]
                        NO_MORE_DATA .................................[OK]
                        NO_SPACE_FOR_LOAD ............................[OK]

 * Buffer_load_backward:

    (BPC=1, FB=0)
        backward-fb0.exe BufferSize-3 ................................[OK]
                         BufferSize-4 ................................[OK]
                         BufferSize-5 ................................[OK]
    (BPC=1, FB=1)
        backward-fb1.exe BufferSize-4 ................................[OK]
                         BufferSize-5 ................................[OK]
    (BPC=1, FB=2)
        backward-fb2.exe BufferSize-5 ................................[OK]
    (BPC=4, FB=2)
        backward-fb2-32.exe BufferSize-5 .............................[OK]

 * Buffer_load_forward:

    (BPC=1, FB=0)
        forward-fb0.exe BufferSize-3 .................................[OK]
                        BufferSize-4 .................................[OK]
                        BufferSize-5 .................................[OK]
    (BPC=1, FB=1)
        forward-fb1.exe BufferSize-4 .................................[OK]
                        BufferSize-5 .................................[OK]
    (BPC=1, FB=2)
        forward-fb2.exe BufferSize-5 .................................[OK]
    (BPC=4, FB=2)
        forward-fb2-32.exe BufferSize-5 ..............................[OK]
                                                                    ___  _  _  
                                                                   / _ \| |/ ) 
                                                                  ( (_) | _ <  
                                                                   \___/|_|\_) 
===============================================================================
                                                                               
                     Include and buffer nesting scenarios                      
                                                                               
quex/code_base/buffer/TESTS/misc/TEST                                <no date>
-------------------------------------------------------------------------------
 * Construct/Destruct Included Buffer
        construct_destruct_included.exe allocate ............[MAKE FAILED]
                                        no-allocate .........[MAKE FAILED]
 * Extend negotiated amount of memory
        negotiate_extend.exe ................................[MAKE FAILED]

 * Extend/Migrate Memory:

    Nested
        extend_and_migrate-nested.exe 2 .....................[MAKE FAILED]
                                      3 .....................[MAKE FAILED]
                                      51 ....................[MAKE FAILED]
    Plain
        extend_and_migrate.exe 21 ...........................[MAKE FAILED]
                               3 ............................[MAKE FAILED]
                               4 ............................[MAKE FAILED]
                               7 ............................[MAKE FAILED]
                               82 ...........................[MAKE FAILED]
                                                           ___   _    _   _    
                                                          |  _| / \  | | | |   
                                                          | |_|/ - \ | | | |_  
                                                          |_|  |_|_| |_| |___| 
-------------------------------------------------------------------------------
    [FAIL] construct_destruct_included.exe _ allocate
                                         \__ no-allocate
    [FAIL] negotiate_extend.exe
    [FAIL] extend_and_migrate-nested.exe _ 2
                                       \__ 3
                                       \__ 51
    [FAIL] extend_and_migrate.exe _ 21
                                \__ 3
                                \__ 4
                                \__ 7
                                \__ 82
===============================================================================
                                                                               
                         Buffer Moving/Copying Content                         
                                                                               
quex/code_base/buffer/TESTS/move/TEST                                <no date>
-------------------------------------------------------------------------------

 * move_away_passed_content:

    (BPC=1, FB=0)
        move_away_passed_content-fb0.exe EoS .........................[OK]
                                         NoEoS .......................[OK]
    (BPC=1, FB=1)
        move_away_passed_content-fb1.exe EoS .........................[OK]
                                         NoEoS .......................[OK]
    (BPC=1, FB=2)
        move_away_passed_content-fb2.exe EoS .........................[OK]
                                         NoEoS .......................[OK]
    (BPC=4, FB=2)
        move_away_passed_content-fb2-32.exe EoS ......................[OK]
                                            NoEoS ....................[OK]

 * move_away_upfront_content:

    (BPC=1)
        move_away_upfront_content-8.exe cib=0 ........................[OK]
                                        cib=0:EOS ....................[OK]
                                        cib=1 ........................[OK]
                                        cib=1:EOS ....................[OK]
                                        cib=2 ........................[OK]
                                        cib=2:EOS ....................[OK]
    (BPC=2)
        move_away_upfront_content-16.exe cib=0 .......................[OK]
                                         cib=0:EOS ...................[OK]
                                         cib=1 .......................[OK]
                                         cib=1:EOS ...................[OK]
                                         cib=2 .......................[OK]
                                         cib=2:EOS ...................[OK]
    (BPC=4)
        move_away_upfront_content-32.exe cib=0 .......................[OK]
                                         cib=0:EOS ...................[OK]
                                         cib=1 .......................[OK]
                                         cib=1:EOS ...................[OK]
                                         cib=2 .......................[OK]
                                         cib=2:EOS ...................[OK]
                                                                    ___  _  _  
                                                                   / _ \| |/ ) 
                                                                  ( (_) | _ <  
                                                                   \___/|_|\_) 
===============================================================================
                                                                               
                      Extensive Tests on Buffer Seek&Tell                      
                                                                               
quex/code_base/buffer/TESTS/navigation/TEST                          <no date>
-------------------------------------------------------------------------------

 * Buffer Tell&Seek:

    LexatomLoader_Converter (BPC=1, FALLBACK=0)
        test-Converter-1-0.exe ICU-linear ............................[OK]
                               ICU-stepping ..........................[OK]
                               ICU-stepping-cls ......................[OK]
                               IConv-linear ..........................[OK]
                               IConv-stepping ........................[OK]
                               IConv-stepping-cls ....................[OK]
    LexatomLoader_Converter (BPC=1, FALLBACK=1)
        test-Converter-1-1.exe ICU-linear ............................[OK]
                               ICU-stepping ..........................[OK]
                               ICU-stepping-cls ......................[OK]
                               IConv-linear ..........................[OK]
                               IConv-stepping ........................[OK]
                               IConv-stepping-cls ....................[OK]
    LexatomLoader_Converter (BPC=1, FALLBACK=2)
        test-Converter-1-2.exe ICU-linear ............................[OK]
                               ICU-stepping ..........................[OK]
                               ICU-stepping-cls ......................[OK]
                               IConv-linear ..........................[OK]
                               IConv-stepping ........................[OK]
                               IConv-stepping-cls ....................[OK]
    LexatomLoader_Converter (BPC=2, FALLBACK=0)
        test-Converter-2-0.exe ICU-linear ............................[OK]
                               ICU-stepping ..........................[OK]
                               ICU-stepping-cls ......................[OK]
                               IConv-linear ..........................[OK]
                               IConv-stepping ........................[OK]
                               IConv-stepping-cls ....................[OK]
    LexatomLoader_Converter (BPC=2, FALLBACK=1)
        test-Converter-2-1.exe ICU-linear ............................[OK]
                               ICU-stepping ..........................[OK]
                               ICU-stepping-cls ......................[OK]
                               IConv-linear ..........................[OK]
                               IConv-stepping ........................[OK]
                               IConv-stepping-cls ....................[OK]
    LexatomLoader_Converter (BPC=2, FALLBACK=2)
        test-Converter-2-2.exe ICU-linear ............................[OK]
                               ICU-stepping ..........................[OK]
                               ICU-stepping-cls ......................[OK]
                               IConv-linear ..........................[OK]
                               IConv-stepping ........................[OK]
                               IConv-stepping-cls ....................[OK]
    LexatomLoader_Converter (BPC=4, FALLBACK=0)
        test-Converter-4-0.exe ICU-linear ............................[OK]
                               ICU-stepping ..........................[OK]
                               ICU-stepping-cls ......................[OK]
                               IConv-linear ..........................[OK]
                               IConv-stepping ........................[OK]
                               IConv-stepping-cls ....................[OK]
    LexatomLoader_Converter (BPC=4, FALLBACK=1)
        test-Converter-4-1.exe ICU-linear ............................[OK]
                               ICU-stepping ..........................[OK]
                               ICU-stepping-cls ......................[OK]
                               IConv-linear ..........................[OK]
                               IConv-stepping ........................[OK]
                               IConv-stepping-cls ....................[OK]
    LexatomLoader_Converter (BPC=4, FALLBACK=2)
        test-Converter-4-2.exe ICU-linear ............................[OK]
                               ICU-stepping ..........................[OK]
                               ICU-stepping-cls ......................[OK]
                               IConv-linear ..........................[OK]
                               IConv-stepping ........................[OK]
                               IConv-stepping-cls ....................[OK]
    LexatomLoader_Converter StrangeStream (BPC=1, FALLBACK=0)
        test-Converter-StrangeStream-1-0.exe ICU-stepping ............[OK]
                                             ICU-stepping-cls ........[OK]
                                             IConv-linear ............[OK]
    LexatomLoader_Converter StrangeStream (BPC=1, FALLBACK=2)
        test-Converter-StrangeStream-1-2.exe ICU-stepping ............[OK]
                                             ICU-stepping-cls ........[OK]
                                             IConv-linear ............[OK]
    LexatomLoader_Converter StrangeStream (BPC=4, FALLBACK=0)
        test-Converter-StrangeStream-2-0.exe ICU-stepping ............[OK]
                                             ICU-stepping-cls ........[OK]
                                             IConv-linear ............[OK]
    LexatomLoader_Converter StrangeStream (BPC=4, FALLBACK=0)
        test-Converter-StrangeStream-4-0.exe ICU-stepping ............[OK]
                                             ICU-stepping-cls ........[OK]
                                             IConv-linear ............[OK]
    LexatomLoader_Converter StrangeStream (BPC=4, FALLBACK=2)
        test-Converter-StrangeStream-2-2.exe ICU-stepping ............[OK]
                                             ICU-stepping-cls ........[OK]
                                             IConv-linear ............[OK]
    LexatomLoader_Converter StrangeStream (BPC=4, FALLBACK=2)
        test-Converter-StrangeStream-4-2.exe ICU-stepping ............[OK]
                                             ICU-stepping-cls ........[OK]
                                             IConv-linear ............[OK]
    LexatomLoader_Plain (BPC=1, FALLBACK=0)
        test-Plain-1-0.exe linear ....................................[OK]
                           stepping ..................................[OK]
    LexatomLoader_Plain (BPC=1, FALLBACK=1)
        test-Plain-1-1.exe linear ....................................[OK]
                           stepping ..................................[OK]
    LexatomLoader_Plain (BPC=1, FALLBACK=2)
        test-Plain-1-2.exe linear ....................................[OK]
                           stepping ..................................[OK]
    LexatomLoader_Plain (BPC=2, FALLBACK=0)
        test-Plain-2-0.exe linear ....................................[OK]
                           stepping ..................................[OK]
    LexatomLoader_Plain (BPC=2, FALLBACK=1)
        test-Plain-2-1.exe linear ....................................[OK]
                           stepping ..................................[OK]
    LexatomLoader_Plain (BPC=2, FALLBACK=2)
        test-Plain-2-2.exe linear ....................................[OK]
                           stepping ..................................[OK]
    LexatomLoader_Plain (BPC=4, FALLBACK=0)
        test-Plain-4-0.exe linear ....................................[OK]
                           stepping ..................................[OK]
    LexatomLoader_Plain (BPC=4, FALLBACK=1)
        test-Plain-4-1.exe linear ....................................[OK]
                           stepping ..................................[OK]
    LexatomLoader_Plain (BPC=4, FALLBACK=2)
        test-Plain-4-2.exe linear ....................................[OK]
                           stepping ..................................[OK]
    LexatomLoader_Plain wiostream (BPC=4, FALLBACK=0)
        test-Plain-wiostream-wchar_t-0.exe linear ....................[OK]
                                           stepping ..................[OK]
    LexatomLoader_Plain wiostream (BPC=4, FALLBACK=1)
        test-Plain-wiostream-wchar_t-1.exe linear ....................[OK]
                                           stepping ..................[OK]
    LexatomLoader_Plain wiostream (BPC=4, FALLBACK=2)
        test-Plain-wiostream-wchar_t-2.exe linear ....................[OK]
                                           stepping ..................[OK]
                                                                    ___  _  _  
                                                                   / _ \| |/ ) 
                                                                  ( (_) | _ <  
                                                                   \___/|_|\_) 
===============================================================================
                                                                               
                       Pathwalker DFA_State Construction                       
                                                                               
quex/engine/analyzer/mega_state/path_walker/TEST                     <no date>
-------------------------------------------------------------------------------

 * Paths:

    Plugging Wild Cards
        find-3.py 1 ..................................................[OK]
                  2 ..................................................[OK]
                  3 ..................................................[OK]
                  4 ..................................................[OK]
    collect
        find.py 1 ....................................................[OK]
                2 ....................................................[OK]
                3 ....................................................[OK]
                4 ....................................................[OK]
                5 ....................................................[OK]
                6 ....................................................[OK]
    find_path (mean tests)
        find-2.py 1 ..................................................[OK]
                  2 ..................................................[OK]
                  3 ..................................................[OK]
                  4a .................................................[OK]
                  4b .................................................[OK]
    select
        select_longest_paths.py 0 ....................................[OK]
                                1 ....................................[OK]
                                10 ...................................[OK]
                                11a ..................................[OK]
                                11b ..................................[OK]
                                12 ...................................[OK]
                                2 ....................................[OK]
                                3 ....................................[OK]
                                4 ....................................[OK]
                                5 ....................................[OK]
                                6 ....................................[OK]
                                7 ....................................[OK]
                                8 ....................................[OK]
                                9 ....................................[OK]
                                                                    ___  _  _  
                                                                   / _ \| |/ ) 
                                                                  ( (_) | _ <  
                                                                   \___/|_|\_) 
===============================================================================
                                                                               
                          Template State Construction                          
                                                                               
quex/engine/analyzer/mega_state/template/TEST                        <no date>
-------------------------------------------------------------------------------
 * Combination of Two Transition Maps
        combine-maps.py 1 ............................................[OK]
                        2 ............................................[OK]
                        2b ...........................................[OK]
                        3 ............................................[OK]
                        4 ............................................[OK]
 * Combine Simple
        combine-simple.py distinguished ..............................[OK]
                          plain ......................................[OK]
                          recursive ..................................[OK]
 * Template states handling recursion
        recursion.py 0 ...............................................[OK]
                     0b ..............................................[OK]
                     1 ...............................................[OK]
                     1b ..............................................[OK]
                     1c ..............................................[OK]

 * Transition Map Templates:

    Combine Combined Trigger Maps
        combine-maps-2.py 1 ..........................................[OK]
                          2 ..........................................[OK]
    Get Best Matching Pair
        best_matching_pair.py 0 ......................................[OK]
                              1 ......................................[OK]
                              2 ......................................[OK]
                              3 ......................................[OK]
                              recursive ..............................[OK]
    Target Idx Combination Metric
        metric.py 1 ..................................................[OK]
                  2 ..................................................[OK]
                  2b .................................................[OK]
                  3 ..................................................[OK]
                  3b .................................................[OK]
                  4 ..................................................[OK]
                  recursive ..........................................[OK]
                                                                    ___  _  _  
                                                                   / _ \| |/ ) 
                                                                  ( (_) | _ <  
                                                                   \___/|_|\_) 
===============================================================================
                                                                               
                      Code Generation for Transition Map                       
                                                                               
quex/output/core/state/transition_map/TEST                           <no date>
-------------------------------------------------------------------------------

 * Code generation:

    Bisection
        test-bisection.py ............................................[OK]
    Branch Table (switch-case)
        test-branch_table.py C-2 .....................................[OK]
                             C-3 .....................................[OK]
                             C-4 .....................................[OK]
                             C-5 .....................................[OK]
    Branch Table (switch-case) II
        test-branch_table-2.py C-15 ..................................[OK]
                               C-16 ..................................[OK]
                               C-17 ..................................[OK]
                               C-31 ..................................[OK]
                               C-32 ..................................[OK]
                               C-33 ..................................[OK]
                               C-7 ...................................[OK]
                               C-8 ...................................[OK]
                               C-9 ...................................[OK]
    Comparison Sequence
        test-comparison_sequence.py C-2-bw ...........................[OK]
                                    C-2-fw ...........................[OK]
                                    C-3-bw ...........................[OK]
                                    C-3-fw ...........................[OK]
                                    C-4-bw ...........................[OK]
                                    C-4-fw ...........................[OK]
                                    C-5-bw ...........................[OK]
                                    C-5-fw ...........................[OK]
                                                                    ___  _  _  
                                                                   / _ \| |/ ) 
                                                                  ( (_) | _ <  
                                                                   \___/|_|\_) 
===============================================================================
                                                                               
                           IConv Converter Interface                           
                                                                               
quex/code_base/buffer/lexatoms/converter/iconv/TEST                  <no date>
-------------------------------------------------------------------------------

 * Convert all in one beat:

    uint16_t
        one-beat-2.exe ......................................[MAKE FAILED]
    uint32_t
        one-beat-4.exe ......................................[MAKE FAILED]
    uint8_t
        one-beat-1.exe ......................................[MAKE FAILED]
    wchar_t
        one-beat-WC.exe .....................................[MAKE FAILED]

 * Convert drain character by drain character:

    uint16_t
        stepwise-drain-2.exe ................................[MAKE FAILED]
    uint32_t
        stepwise-drain-4.exe ................................[MAKE FAILED]
    uint8_t
        stepwise-drain-1.exe ................................[MAKE FAILED]
    wchar_t
        stepwise-drain-WC.exe ...............................[MAKE FAILED]

 * Convert source byte by source byte:

    uint16_t
        stepwise-source-2.exe ...............................[MAKE FAILED]
    uint32_t
        stepwise-source-4.exe ...............................[MAKE FAILED]
    uint8_t
        stepwise-source-1.exe ...............................[MAKE FAILED]
    wchar_t
        stepwise-source-WC.exe ..............................[MAKE FAILED]
                                                           ___   _    _   _    
                                                          |  _| / \  | | | |   
                                                          | |_|/ - \ | | | |_  
                                                          |_|  |_|_| |_| |___| 
-------------------------------------------------------------------------------
    [FAIL] one-beat-2.exe
    [FAIL] one-beat-4.exe
    [FAIL] one-beat-1.exe
    [FAIL] one-beat-WC.exe
    [FAIL] stepwise-drain-2.exe
    [FAIL] stepwise-drain-4.exe
    [FAIL] stepwise-drain-1.exe
    [FAIL] stepwise-drain-WC.exe
    [FAIL] stepwise-source-2.exe
    [FAIL] stepwise-source-4.exe
    [FAIL] stepwise-source-1.exe
    [FAIL] stepwise-source-WC.exe
===============================================================================
                                                                               
                            ICU Converter Interface                            
                                                                               
quex/code_base/buffer/lexatoms/converter/icu/TEST                    <no date>
-------------------------------------------------------------------------------

 * Convert all in one beat:

    uint16_t
        one-beat-2.exe ......................................[MAKE FAILED]
    uint32_t
        one-beat-4.exe ......................................[MAKE FAILED]
    uint8_t
        one-beat-1.exe ......................................[MAKE FAILED]
    wchar_t
        one-beat-WC.exe .....................................[MAKE FAILED]

 * Convert drain character by drain character:

    uint16_t
        stepwise-drain-2.exe ................................[MAKE FAILED]
    uint32_t
        stepwise-drain-4.exe ................................[MAKE FAILED]
    uint8_t
        stepwise-drain-1.exe ................................[MAKE FAILED]
    wchar_t
        stepwise-drain-WC.exe ...............................[MAKE FAILED]

 * Convert source byte by source byte:

    uint16_t
        stepwise-source-2.exe ...............................[MAKE FAILED]
    uint32_t
        stepwise-source-4.exe ...............................[MAKE FAILED]
    uint8_t
        stepwise-source-1.exe ...............................[MAKE FAILED]
    wchar_t
        stepwise-source-WC.exe ..............................[MAKE FAILED]
                                                           ___   _    _   _    
                                                          |  _| / \  | | | |   
                                                          | |_|/ - \ | | | |_  
                                                          |_|  |_|_| |_| |___| 
-------------------------------------------------------------------------------
    [FAIL] one-beat-2.exe
    [FAIL] one-beat-4.exe
    [FAIL] one-beat-1.exe
    [FAIL] one-beat-WC.exe
    [FAIL] stepwise-drain-2.exe
    [FAIL] stepwise-drain-4.exe
    [FAIL] stepwise-drain-1.exe
    [FAIL] stepwise-drain-WC.exe
    [FAIL] stepwise-source-2.exe
    [FAIL] stepwise-source-4.exe
    [FAIL] stepwise-source-1.exe
    [FAIL] stepwise-source-WC.exe
===============================================================================
                                                                               
                                  DFA Algebra                                  
                                                                               
quex/engine/state_machine/algebra/TESTS/additional_laws/TEST         <no date>
-------------------------------------------------------------------------------
 * Absorbtion
        absorption.py ................................................[OK]
 * Domination
        domination.py ................................................[OK]
 * Idempotency
        idempotency.py ...............................................[OK]
 * Intersection by Difference
        intersection_by_difference.py ................................[OK]

 * Complement:

    DeMorgan's Law
        complement-de-morgan.py ......................................[OK]
    Relativity in difference operations
        complement-relative.py 1 .....................................[OK]
                               2 .....................................[OK]
                               3 .....................................[OK]
    Uniqueness and Involution
        complement-uniqueness.py .....................................[OK]
                                                                    ___  _  _  
                                                                   / _ \| |/ ) 
                                                                  ( (_) | _ <  
                                                                   \___/|_|\_) 
===============================================================================
                                                                               
                                  DFA Algebra                                  
                                                                               
quex/engine/state_machine/algebra/TESTS/basics/TEST                  <no date>
-------------------------------------------------------------------------------
 * Complementary DFAs
        test-complement.py Branches ..................................[OK]
                           BranchesLoops .............................[OK]
                           Loops .....................................[OK]
                           Misc ......................................[OK]
                           Sequence ..................................[OK]
 * Difference Operation
        test-difference.py Easy ......................................[OK]
                           FalseCases ................................[OK]
                           FalseCasesII ..............................[OK]
                           GoodCases .................................[OK]
                           GoodCasesII ...............................[OK]
                           Misc ......................................[OK]
 * Intersection
        test-intersection.py 0 .......................................[OK]
                             1 .......................................[OK]
                             2 .......................................[OK]
                             3 .......................................[OK]
                             4 .......................................[OK]
                             5 .......................................[OK]
 * Union
        test-union.py Loops ..........................................[OK]
                      SequenceAndLoop ................................[OK]
                      SequenceAndOptional ............................[OK]
                      Sequences ......................................[OK]
                                                                    ___  _  _  
                                                                   / _ \| |/ ) 
                                                                  ( (_) | _ <  
                                                                   \___/|_|\_) 
===============================================================================
                                                                               
                                  DFA Algebra                                  
                                                                               
quex/engine/state_machine/algebra/TESTS/fundamental_laws/TEST        <no date>
-------------------------------------------------------------------------------
 * Associativity
        associativity.py .............................................[OK]
 * Commutativity
        commutativity.py .............................................[OK]
 * Complement laws producing Empty and Universal
        complement.py ................................................[OK]
 * Distributivity
        distributivity.py ............................................[OK]
 * Identity with. Empty and Universal
        identity.py ..................................................[OK]
                                                                    ___  _  _  
                                                                   / _ \| |/ ) 
                                                                  ( (_) | _ <  
                                                                   \___/|_|\_) 
===============================================================================
                                                                               
                                  DFA Algebra                                  
                                                                               
quex/engine/state_machine/algebra/TESTS/subset/TEST                  <no date>
-------------------------------------------------------------------------------
 * Reflexivity
        reflexivity.py ...............................................[OK]
 * Transitivity
        transitivity.py ..............................................[OK]

 * Existence:

    Joins and Meets
        existence-joins-and-meets.py .................................[OK]
    Least and Greatest
        existence-least-and-greatest.py ..............................[OK]
                                                                    ___  _  _  
                                                                   / _ \| |/ ) 
                                                                  ( (_) | _ <  
                                                                   \___/|_|\_) 
===============================================================================

SUMMARY:

    Fails: N:  Verdict: Directory:                                                    

      104  238   [FAIL] TEST                                                          
        1  56    [FAIL] demo/C/TEST                                                   
        1  56    [FAIL] ..../Cpp/TEST                                                 
        2  2     [FAIL] ..../TEST                                                     
        8  8     [FAIL] quex/TESTS/bof-eos-context/TEST                               
       10  15    [FAIL] ........../code/TEST                                          
           2       [OK] ........../command-line/TEST                                  
           2       [OK] ........../did-you-mean/TEST                                  
        6  6     [FAIL] ........../drop-outs/TEST                                     
        1  2     [FAIL] ........../entry-exit/TEST                                    
           1       [OK] ........../errors-warnings/TEST                               
       22  23    [FAIL] ........../event-handling/TEST                                
        7  7     [FAIL] ........../include-stack/TEST                                 
       14  21    [FAIL] ........../indentation_count/TEST                             
        2  2     [FAIL] ........../loop/TEST                                          
        3  45    [FAIL] ........../match-precedence/TEST                              
       25  32    [FAIL] ........../misc/TEST                                          
           55      [OK] ........../reset/TEST                                         
       16  16    [FAIL] ........../source-package/TEST                                
        2  5     [FAIL] ........../token-class/TEST                                   
        2  2     [FAIL] ........../token-policies/TEST                                
        1  11    [FAIL] ..../code_base/TESTS/general/TEST                             
        4  5     [FAIL] ............../analyzer/TEST                                  
        4  11    [FAIL] ......................./struct/TEST                           
           18      [OK] ............../buffer/TESTS/load/TEST                         
       11  11    [FAIL] .........................../misc/TEST                         
           26      [OK] .........................../move/TEST                         
           96      [OK] .........................../navigation/TEST                   
       12  12    [FAIL] ...................../bytes/TEST                              
       12  12    [FAIL] ...................../lexatoms/converter/iconv/TEST           
       12  12    [FAIL] ......................................../icu/TEST             
        5  5     [FAIL] ............../extra/accumulator/TEST                         
           36      [OK] ..................../post_categorizer/TEST                    
       10  10    [FAIL] ............../lexeme_converter/TEST                          
        3  3     [FAIL] ............../token/TEST                                     
           42      [OK] ..../engine/TEST                                              
           112     [OK] .........../analyzer/TEST                                     
           29      [OK] ..................../mega_state/path_walker/TEST              
           27      [OK] .............................../template/TEST                 
           38      [OK] .........../loop/TEST                                         
           12      [OK] .........../misc/TEST                                         
           17      [OK] .........../operations/TEST                                   
           51      [OK] .........../state_machine/TEST                                
           9       [OK] ........................./algebra/TESTS/additional_laws/TEST  
           21      [OK] ......................................./basics/TEST           
           5       [OK] ......................................./fundamental_laws/TEST 
           4       [OK] ......................................./subset/TEST           
           9       [OK] ........................./algorithm/TEST                      
           14      [OK] ........................./check/TEST                          
           8       [OK] ........................./construction/TEST                   
           33      [OK] ........................./cut/TEST                            
           62      [OK] ........................./transformation/TEST                 
           58      [OK] ..../input/TEST                                               
           2       [OK] ........../files/TEST                                         
           27      [OK] ........../regular_expression/TEST                            
       13  205   [FAIL] ..../output/core/TEST                                         
           22      [OK] ................/state/transition_map/TEST                    
        6  31    [FAIL] .........../languages/cpp/TEST                                
           3       [OK] ...................../graphviz/TEST                           

-------------------------------------------------------------------------------
     _____     _ _          _____  _   ___            
    |  ___|_ _(_) |___     |___ / / | / _ \     __  __
    | |_ / _` | | / __|      |_ \ | || (_) |    \ \/ /
    |  _| (_| | | \__ \     ___) || | \__, |     >  < 
    |_|  \__,_|_|_|___/    |____/ |_|   /_/     /_/\_\
                                                                   (1705 tests)

===============================================================================
